TN:
SF:./src/js/core/bootstrap.js
FN:1,(anonymous_1)
FNF:1
FNH:1
FNDA:1,(anonymous_1)
DA:1,1
DA:3,1
DA:4,1
LF:3
LH:3
BRF:0
BRH:0
end_of_record
TN:
SF:./src/js/core/constants.js
FN:1,(anonymous_1)
FNF:1
FNH:1
FNDA:1,(anonymous_1)
DA:1,1
DA:3,1
LF:2
LH:2
BRF:0
BRH:0
end_of_record
TN:
SF:./src/js/core/directives/ui-grid-body.js
FN:1,(anonymous_1)
FN:5,(anonymous_2)
FN:13,(anonymous_3)
FN:46,(anonymous_4)
FN:61,(anonymous_5)
FN:109,redrawRows
FN:113,redrawColumns
FN:117,redraw
FN:123,(anonymous_9)
FN:139,(anonymous_10)
FN:185,(anonymous_11)
FN:260,(anonymous_12)
FN:305,touchmove
FN:346,touchend
FN:375,decelerate
FN:376,(anonymous_16)
FN:400,(anonymous_17)
FN:412,(anonymous_18)
FN:419,(anonymous_19)
FN:441,(anonymous_20)
FN:445,(anonymous_21)
FN:452,(anonymous_22)
FN:456,(anonymous_23)
FN:462,(anonymous_24)
FN:474,(anonymous_25)
FN:485,(anonymous_26)
FN:503,(anonymous_27)
FN:514,(anonymous_28)
FNF:28
FNH:1
FNDA:1,(anonymous_1)
FNDA:0,(anonymous_2)
FNDA:0,(anonymous_3)
FNDA:0,(anonymous_4)
FNDA:0,(anonymous_5)
FNDA:0,redrawRows
FNDA:0,redrawColumns
FNDA:0,redraw
FNDA:0,(anonymous_9)
FNDA:0,(anonymous_10)
FNDA:0,(anonymous_11)
FNDA:0,(anonymous_12)
FNDA:0,touchmove
FNDA:0,touchend
FNDA:0,decelerate
FNDA:0,(anonymous_16)
FNDA:0,(anonymous_17)
FNDA:0,(anonymous_18)
FNDA:0,(anonymous_19)
FNDA:0,(anonymous_20)
FNDA:0,(anonymous_21)
FNDA:0,(anonymous_22)
FNDA:0,(anonymous_23)
FNDA:0,(anonymous_24)
FNDA:0,(anonymous_25)
FNDA:0,(anonymous_26)
FNDA:0,(anonymous_27)
FNDA:0,(anonymous_28)
DA:1,1
DA:4,1
DA:6,0
DA:14,0
DA:15,0
DA:18,0
DA:21,0
DA:24,0
DA:27,0
DA:29,0
DA:31,0
DA:32,0
DA:35,0
DA:36,0
DA:38,0
DA:39,0
DA:40,0
DA:41,0
DA:42,0
DA:43,0
DA:44,0
DA:46,0
DA:47,0
DA:48,0
DA:51,0
DA:53,0
DA:55,0
DA:56,0
DA:58,0
DA:61,0
DA:62,0
DA:65,0
DA:67,0
DA:68,0
DA:70,0
DA:73,0
DA:74,0
DA:77,0
DA:80,0
DA:81,0
DA:84,0
DA:85,0
DA:87,0
DA:88,0
DA:91,0
DA:92,0
DA:95,0
DA:96,0
DA:98,0
DA:101,0
DA:102,0
DA:105,0
DA:106,0
DA:109,0
DA:110,0
DA:113,0
DA:114,0
DA:117,0
DA:118,0
DA:119,0
DA:123,0
DA:124,0
DA:125,0
DA:129,0
DA:131,0
DA:133,0
DA:134,0
DA:136,0
DA:139,0
DA:140,0
DA:142,0
DA:143,0
DA:145,0
DA:148,0
DA:149,0
DA:152,0
DA:155,0
DA:156,0
DA:159,0
DA:160,0
DA:162,0
DA:163,0
DA:166,0
DA:167,0
DA:170,0
DA:171,0
DA:173,0
DA:176,0
DA:177,0
DA:180,0
DA:181,0
DA:185,0
DA:187,0
DA:190,0
DA:191,0
DA:194,0
DA:195,0
DA:198,0
DA:200,0
DA:201,0
DA:202,0
DA:204,0
DA:205,0
DA:209,0
DA:212,0
DA:217,0
DA:219,0
DA:221,0
DA:225,0
DA:226,0
DA:228,0
DA:230,0
DA:231,0
DA:232,0
DA:234,0
DA:235,0
DA:239,0
DA:242,0
DA:246,0
DA:248,0
DA:249,0
DA:252,0
DA:254,0
DA:260,0
DA:262,0
DA:264,0
DA:266,0
DA:267,0
DA:268,0
DA:271,0
DA:274,0
DA:275,0
DA:277,0
DA:279,0
DA:280,0
DA:283,0
DA:286,0
DA:287,0
DA:289,0
DA:294,0
DA:298,0
DA:305,1
DA:306,0
DA:307,0
DA:310,0
DA:312,0
DA:313,0
DA:314,0
DA:315,0
DA:316,0
DA:318,0
DA:319,0
DA:321,0
DA:322,0
DA:324,0
DA:326,0
DA:327,0
DA:329,0
DA:330,0
DA:332,0
DA:334,0
DA:335,0
DA:337,0
DA:338,0
DA:340,0
DA:343,0
DA:346,1
DA:347,0
DA:348,0
DA:351,0
DA:353,0
DA:354,0
DA:355,0
DA:358,0
DA:359,0
DA:360,0
DA:361,0
DA:364,0
DA:367,0
DA:368,0
DA:370,0
DA:371,0
DA:372,0
DA:373,0
DA:375,1
DA:376,0
DA:377,0
DA:379,0
DA:380,0
DA:382,0
DA:385,0
DA:386,0
DA:387,0
DA:390,0
DA:392,0
DA:393,0
DA:394,0
DA:396,0
DA:397,0
DA:400,0
DA:401,0
DA:402,0
DA:408,0
DA:411,0
DA:412,0
DA:413,0
DA:414,0
DA:417,0
DA:419,0
DA:420,0
DA:421,0
DA:424,0
DA:425,0
DA:426,0
DA:427,0
DA:428,0
DA:430,0
DA:431,0
DA:441,0
DA:442,0
DA:443,0
DA:445,0
DA:446,0
DA:452,0
DA:453,0
DA:456,0
DA:457,0
DA:458,0
DA:462,0
DA:465,0
DA:468,0
DA:470,0
DA:474,0
DA:477,0
DA:480,0
DA:482,0
DA:485,0
DA:486,0
DA:488,0
DA:490,0
DA:493,0
DA:496,0
DA:497,0
DA:500,0
DA:503,0
DA:506,0
DA:507,0
DA:508,0
DA:511,0
DA:514,0
DA:515,0
DA:516,0
DA:518,0
DA:521,0
DA:524,0
LF:255
LH:5
BRDA:14,1,0,0
BRDA:14,1,1,0
BRDA:47,2,0,0
BRDA:47,2,1,0
BRDA:47,3,0,0
BRDA:47,3,1,0
BRDA:73,4,0,0
BRDA:73,4,1,0
BRDA:73,5,0,0
BRDA:73,5,1,0
BRDA:73,5,2,0
BRDA:80,6,0,0
BRDA:80,6,1,0
BRDA:85,7,0,0
BRDA:85,7,1,0
BRDA:87,8,0,0
BRDA:87,8,1,0
BRDA:87,9,0,0
BRDA:87,9,1,0
BRDA:87,9,2,0
BRDA:91,10,0,0
BRDA:91,10,1,0
BRDA:91,11,0,0
BRDA:91,11,1,0
BRDA:91,11,2,0
BRDA:124,12,0,0
BRDA:124,12,1,0
BRDA:124,13,0,0
BRDA:124,13,1,0
BRDA:148,14,0,0
BRDA:148,14,1,0
BRDA:148,15,0,0
BRDA:148,15,1,0
BRDA:148,15,2,0
BRDA:155,16,0,0
BRDA:155,16,1,0
BRDA:160,17,0,0
BRDA:160,17,1,0
BRDA:160,18,0,0
BRDA:160,18,1,0
BRDA:162,19,0,0
BRDA:162,19,1,0
BRDA:162,20,0,0
BRDA:162,20,1,0
BRDA:162,20,2,0
BRDA:166,21,0,0
BRDA:166,21,1,0
BRDA:166,22,0,0
BRDA:166,22,1,0
BRDA:166,22,2,0
BRDA:190,23,0,0
BRDA:190,23,1,0
BRDA:194,24,0,0
BRDA:194,24,1,0
BRDA:194,25,0,0
BRDA:194,25,1,0
BRDA:201,26,0,0
BRDA:201,26,1,0
BRDA:201,27,0,0
BRDA:201,27,1,0
BRDA:204,28,0,0
BRDA:204,28,1,0
BRDA:204,29,0,0
BRDA:204,29,1,0
BRDA:225,30,0,0
BRDA:225,30,1,0
BRDA:231,31,0,0
BRDA:231,31,1,0
BRDA:231,32,0,0
BRDA:231,32,1,0
BRDA:234,33,0,0
BRDA:234,33,1,0
BRDA:234,34,0,0
BRDA:234,34,1,0
BRDA:248,35,0,0
BRDA:248,35,1,0
BRDA:267,36,0,0
BRDA:267,36,1,0
BRDA:274,37,0,0
BRDA:274,37,1,0
BRDA:275,38,0,0
BRDA:275,38,1,0
BRDA:279,39,0,0
BRDA:279,39,1,0
BRDA:286,40,0,0
BRDA:286,40,1,0
BRDA:287,41,0,0
BRDA:287,41,1,0
BRDA:306,42,0,0
BRDA:306,42,1,0
BRDA:318,43,0,0
BRDA:318,43,1,0
BRDA:319,44,0,0
BRDA:319,44,1,0
BRDA:326,45,0,0
BRDA:326,45,1,0
BRDA:329,46,0,0
BRDA:329,46,1,0
BRDA:330,47,0,0
BRDA:330,47,1,0
BRDA:334,48,0,0
BRDA:334,48,1,0
BRDA:337,49,0,0
BRDA:337,49,1,0
BRDA:338,50,0,0
BRDA:338,50,1,0
BRDA:347,51,0,0
BRDA:347,51,1,0
BRDA:379,52,0,0
BRDA:379,52,1,0
BRDA:385,53,0,0
BRDA:385,53,1,0
BRDA:396,54,0,0
BRDA:396,54,1,0
BRDA:411,55,0,0
BRDA:411,55,1,0
BRDA:413,56,0,0
BRDA:413,56,1,0
BRDA:488,57,0,0
BRDA:488,57,1,0
BRDA:488,58,0,0
BRDA:488,58,1,0
BRDA:496,59,0,0
BRDA:496,59,1,0
BRDA:515,60,0,0
BRDA:515,60,1,0
BRDA:515,61,0,0
BRDA:515,61,1,0
BRF:128
BRH:0
end_of_record
TN:
SF:./src/js/core/directives/ui-grid-cell.js
FN:1,(anonymous_1)
FN:6,(anonymous_2)
FN:8,(anonymous_3)
FN:9,compileTemplate
FN:12,(anonymous_5)
FN:31,(anonymous_6)
FNF:6
FNH:6
FNDA:37,(anonymous_1)
FNDA:50,(anonymous_2)
FNDA:270,(anonymous_3)
FNDA:264,compileTemplate
FNDA:264,(anonymous_5)
FNDA:270,(anonymous_6)
DA:1,1
DA:2,37
DA:7,50
DA:9,1
DA:10,264
DA:12,264
DA:13,264
DA:18,270
DA:19,264
DA:21,264
DA:25,6
DA:27,6
DA:28,6
DA:32,270
DA:38,37
LF:15
LH:15
BRDA:18,1,0,264
BRDA:18,1,1,6
BRF:2
BRH:2
end_of_record
TN:
SF:./src/js/core/directives/ui-grid-column-menu.js
FN:1,(anonymous_1)
FN:3,(anonymous_2)
FN:11,(anonymous_3)
FN:36,sortable
FN:45,filterable
FN:75,(anonymous_6)
FN:79,(anonymous_7)
FN:82,(anonymous_8)
FN:89,(anonymous_9)
FN:93,(anonymous_10)
FN:96,(anonymous_11)
FN:103,(anonymous_12)
FN:107,(anonymous_13)
FN:115,(anonymous_14)
FN:117,(anonymous_15)
FN:140,(anonymous_16)
FN:165,reposition
FN:166,(anonymous_18)
FN:212,(anonymous_19)
FN:223,documentClick
FN:228,resizeHandler
FN:233,(anonymous_22)
FN:238,(anonymous_23)
FN:243,(anonymous_24)
FN:249,(anonymous_25)
FN:253,(anonymous_26)
FN:259,(anonymous_27)
FN:266,(anonymous_28)
FN:269,(anonymous_29)
FNF:29
FNH:19
FNDA:1,(anonymous_1)
FNDA:16,(anonymous_2)
FNDA:21,(anonymous_3)
FNDA:861,sortable
FNDA:0,filterable
FNDA:0,(anonymous_6)
FNDA:287,(anonymous_7)
FNDA:308,(anonymous_8)
FNDA:0,(anonymous_9)
FNDA:287,(anonymous_10)
FNDA:308,(anonymous_11)
FNDA:0,(anonymous_12)
FNDA:287,(anonymous_13)
FNDA:24,(anonymous_14)
FNDA:0,(anonymous_15)
FNDA:3,(anonymous_16)
FNDA:3,reposition
FNDA:3,(anonymous_18)
FNDA:102,(anonymous_19)
FNDA:1,documentClick
FNDA:97,resizeHandler
FNDA:0,(anonymous_22)
FNDA:4,(anonymous_23)
FNDA:0,(anonymous_24)
FNDA:0,(anonymous_25)
FNDA:0,(anonymous_26)
FNDA:0,(anonymous_27)
FNDA:21,(anonymous_28)
FNDA:24,(anonymous_29)
DA:1,1
DA:3,1
DA:5,16
DA:12,21
DA:14,21
DA:16,21
DA:19,21
DA:22,21
DA:25,21
DA:26,21
DA:31,21
DA:34,21
DA:36,1
DA:37,861
DA:38,117
DA:41,744
DA:45,1
DA:46,0
DA:47,0
DA:50,0
DA:54,21
DA:76,0
DA:77,0
DA:80,287
DA:83,308
DA:90,0
DA:91,0
DA:94,287
DA:97,308
DA:104,0
DA:105,0
DA:108,287
DA:114,21
DA:115,21
DA:116,24
DA:117,3
DA:118,0
DA:119,0
DA:121,0
DA:124,3
DA:127,21
DA:131,21
DA:132,21
DA:133,21
DA:136,0
DA:140,21
DA:143,3
DA:146,3
DA:149,3
DA:150,3
DA:153,3
DA:154,3
DA:155,0
DA:158,3
DA:159,3
DA:162,3
DA:165,1
DA:166,3
DA:167,3
DA:168,0
DA:169,0
DA:170,0
DA:172,3
DA:173,0
DA:177,3
DA:178,3
DA:179,3
DA:181,3
DA:185,3
DA:187,3
DA:191,3
DA:192,3
DA:195,3
DA:199,3
DA:201,0
DA:202,0
DA:205,3
DA:206,3
DA:207,3
DA:212,21
DA:213,102
DA:214,102
DA:215,102
DA:223,1
DA:224,1
DA:225,1
DA:228,1
DA:229,97
DA:231,21
DA:233,21
DA:234,0
DA:238,21
DA:239,4
DA:243,21
DA:244,0
DA:245,0
DA:249,21
DA:250,0
DA:252,0
DA:254,0
DA:255,0
DA:259,21
DA:260,0
DA:262,0
DA:263,0
DA:267,21
DA:269,21
DA:270,24
DA:275,16
LF:109
LH:79
BRDA:37,1,0,117
BRDA:37,1,1,744
BRDA:37,2,0,861
BRDA:37,2,1,861
BRDA:37,2,2,117
BRDA:37,2,3,117
BRDA:46,3,0,0
BRDA:46,3,1,0
BRDA:46,4,0,0
BRDA:46,4,1,0
BRDA:46,4,2,0
BRDA:46,4,3,0
BRDA:83,5,0,308
BRDA:83,5,1,39
BRDA:83,5,2,39
BRDA:83,5,3,0
BRDA:97,6,0,308
BRDA:97,6,1,39
BRDA:97,6,2,39
BRDA:97,6,3,0
BRDA:108,7,0,287
BRDA:108,7,1,39
BRDA:108,7,2,39
BRDA:108,7,3,39
BRDA:108,7,4,0
BRDA:116,8,0,3
BRDA:116,8,1,21
BRDA:116,9,0,24
BRDA:116,9,1,3
BRDA:116,9,2,3
BRDA:118,10,0,0
BRDA:118,10,1,0
BRDA:118,11,0,0
BRDA:118,11,1,0
BRDA:154,12,0,0
BRDA:154,12,1,3
BRDA:167,13,0,0
BRDA:167,13,1,3
BRDA:167,14,0,3
BRDA:167,14,1,0
BRDA:172,15,0,0
BRDA:172,15,1,3
BRDA:177,16,0,0
BRDA:177,16,1,3
BRDA:199,17,0,0
BRDA:199,17,1,3
BRDA:199,18,0,3
BRDA:199,18,1,0
BRF:48
BRH:28
end_of_record
TN:
SF:./src/js/core/directives/ui-grid-group-panel.js
FN:1,(anonymous_1)
FN:4,(anonymous_2)
FN:12,(anonymous_3)
FN:14,(anonymous_4)
FN:18,(anonymous_5)
FN:26,(anonymous_6)
FN:27,(anonymous_7)
FNF:7
FNH:7
FNDA:1,(anonymous_1)
FNDA:16,(anonymous_2)
FNDA:22,(anonymous_3)
FNDA:22,(anonymous_4)
FNDA:22,(anonymous_5)
FNDA:22,(anonymous_6)
FNDA:16,(anonymous_7)
DA:1,1
DA:4,1
DA:5,16
DA:7,16
DA:13,22
DA:15,22
DA:17,22
DA:19,22
DA:21,22
DA:22,22
DA:27,22
LF:11
LH:11
BRDA:15,1,0,22
BRDA:15,1,1,22
BRF:2
BRH:2
end_of_record
TN:
SF:./src/js/core/directives/ui-grid-header-cell.js
FN:1,(anonymous_1)
FN:4,(anonymous_2)
FN:18,(anonymous_3)
FN:57,handleClick
FN:66,(anonymous_5)
FN:75,(anonymous_6)
FN:87,(anonymous_7)
FN:89,(anonymous_8)
FN:94,(anonymous_9)
FN:98,(anonymous_10)
FN:123,(anonymous_11)
FN:140,(anonymous_12)
FN:147,(anonymous_13)
FN:149,(anonymous_14)
FNF:14
FNH:6
FNDA:1,(anonymous_1)
FNDA:16,(anonymous_2)
FNDA:66,(anonymous_3)
FNDA:0,handleClick
FNDA:0,(anonymous_5)
FNDA:4,(anonymous_6)
FNDA:3,(anonymous_7)
FNDA:3,(anonymous_8)
FNDA:0,(anonymous_9)
FNDA:0,(anonymous_10)
FNDA:0,(anonymous_11)
FNDA:0,(anonymous_12)
FNDA:0,(anonymous_13)
FNDA:0,(anonymous_14)
DA:1,1
DA:4,1
DA:6,16
DA:8,16
DA:19,66
DA:21,66
DA:31,66
DA:34,66
DA:35,66
DA:38,66
DA:40,66
DA:43,66
DA:44,66
DA:47,0
DA:50,66
DA:51,0
DA:54,66
DA:57,1
DA:59,0
DA:60,0
DA:61,0
DA:65,0
DA:67,0
DA:68,0
DA:73,66
DA:74,66
DA:75,66
DA:76,4
DA:77,0
DA:81,4
DA:82,1
DA:85,3
DA:87,3
DA:89,3
DA:90,3
DA:94,66
DA:95,0
DA:98,66
DA:99,0
DA:102,0
DA:104,0
DA:106,0
DA:111,0
DA:117,0
DA:122,66
DA:123,66
DA:124,0
DA:126,0
DA:128,0
DA:129,0
DA:131,0
DA:136,0
DA:140,66
DA:142,0
DA:146,66
DA:147,0
DA:148,0
DA:150,0
DA:151,0
DA:160,16
LF:60
LH:33
BRDA:43,1,0,66
BRDA:43,1,1,0
BRDA:43,2,0,66
BRDA:43,2,1,66
BRDA:50,3,0,0
BRDA:50,3,1,66
BRDA:50,4,0,66
BRDA:50,4,1,0
BRDA:60,5,0,0
BRDA:60,5,1,0
BRDA:76,6,0,0
BRDA:76,6,1,4
BRDA:76,7,0,4
BRDA:76,7,1,0
BRDA:81,8,0,1
BRDA:81,8,1,3
BRDA:81,9,0,4
BRDA:81,9,1,1
BRDA:102,10,0,0
BRDA:102,10,1,0
BRDA:104,11,0,0
BRDA:104,11,1,0
BRDA:122,12,0,66
BRDA:122,12,1,0
BRDA:131,13,0,0
BRDA:131,13,1,0
BRDA:146,14,0,0
BRDA:146,14,1,66
BRDA:150,15,0,0
BRDA:150,15,1,0
BRDA:150,16,0,0
BRDA:150,16,1,0
BRDA:150,16,2,0
BRF:33
BRH:13
end_of_record
TN:
SF:./src/js/core/directives/ui-grid-header.js
FN:1,(anonymous_1)
FN:4,(anonymous_2)
FN:14,(anonymous_3)
FN:16,(anonymous_4)
FN:28,(anonymous_5)
FN:45,(anonymous_6)
FN:56,updateColumnWidths
FN:88,(anonymous_8)
FN:163,(anonymous_9)
FN:219,(anonymous_10)
FN:236,(anonymous_11)
FN:243,(anonymous_12)
FN:262,(anonymous_13)
FNF:13
FNH:12
FNDA:1,(anonymous_1)
FNDA:16,(anonymous_2)
FNDA:22,(anonymous_3)
FNDA:22,(anonymous_4)
FNDA:22,(anonymous_5)
FNDA:22,(anonymous_6)
FNDA:54,updateColumnWidths
FNDA:96,(anonymous_8)
FNDA:0,(anonymous_9)
FNDA:70,(anonymous_10)
FNDA:54,(anonymous_11)
FNDA:54,(anonymous_12)
FNDA:96,(anonymous_13)
DA:1,1
DA:4,1
DA:5,16
DA:7,16
DA:15,22
DA:17,22
DA:18,22
DA:20,22
DA:21,22
DA:23,22
DA:25,22
DA:27,22
DA:29,22
DA:31,22
DA:32,22
DA:34,22
DA:36,22
DA:38,22
DA:39,22
DA:46,22
DA:47,22
DA:49,22
DA:51,22
DA:54,22
DA:56,1
DA:57,54
DA:64,54
DA:66,54
DA:67,6
DA:75,54
DA:77,54
DA:79,54
DA:81,54
DA:86,54
DA:88,54
DA:93,96
DA:95,96
DA:98,96
DA:99,78
DA:102,96
DA:103,78
DA:105,78
DA:107,18
DA:108,0
DA:110,18
DA:111,18
DA:113,18
DA:115,18
DA:122,54
DA:124,54
DA:126,54
DA:128,0
DA:129,0
DA:131,0
DA:133,0
DA:135,0
DA:136,0
DA:138,0
DA:140,0
DA:141,0
DA:146,0
DA:148,0
DA:149,0
DA:151,0
DA:153,0
DA:154,0
DA:159,0
DA:163,0
DA:164,0
DA:165,0
DA:167,0
DA:169,0
DA:175,54
DA:176,26
DA:179,26
DA:180,70
DA:182,70
DA:184,70
DA:185,4
DA:187,4
DA:188,4
DA:190,4
DA:191,4
DA:195,4
DA:198,4
DA:200,66
DA:201,4
DA:203,4
DA:204,4
DA:206,4
DA:207,4
DA:212,4
DA:217,26
DA:219,26
DA:220,70
DA:222,70
DA:224,70
DA:231,54
DA:233,54
DA:234,18
DA:236,18
DA:237,54
DA:238,54
DA:242,18
DA:243,18
DA:244,54
DA:245,36
DA:246,36
DA:247,36
DA:250,18
DA:251,18
DA:256,54
DA:257,22
DA:262,54
DA:263,96
DA:267,54
DA:268,6
DA:272,54
DA:275,54
DA:278,22
DA:280,22
DA:281,22
DA:282,0
DA:286,22
DA:287,22
LF:125
LH:102
BRDA:25,1,0,0
BRDA:25,1,1,22
BRDA:34,2,0,22
BRDA:34,2,1,0
BRDA:38,3,0,22
BRDA:38,3,1,0
BRDA:66,4,0,6
BRDA:66,4,1,48
BRDA:66,5,0,54
BRDA:66,5,1,6
BRDA:66,5,2,6
BRDA:93,6,0,0
BRDA:93,6,1,96
BRDA:98,7,0,78
BRDA:98,7,1,18
BRDA:99,8,0,78
BRDA:99,8,1,0
BRDA:102,9,0,78
BRDA:102,9,1,18
BRDA:102,10,0,96
BRDA:102,10,1,78
BRDA:107,11,0,0
BRDA:107,11,1,18
BRDA:110,12,0,18
BRDA:110,12,1,0
BRDA:126,13,0,0
BRDA:126,13,1,54
BRDA:135,14,0,0
BRDA:135,14,1,0
BRDA:135,15,0,0
BRDA:135,15,1,0
BRDA:148,16,0,0
BRDA:148,16,1,0
BRDA:148,17,0,0
BRDA:148,17,1,0
BRDA:175,18,0,26
BRDA:175,18,1,28
BRDA:184,19,0,4
BRDA:184,19,1,66
BRDA:184,20,0,70
BRDA:184,20,1,4
BRDA:200,21,0,4
BRDA:200,21,1,62
BRDA:200,22,0,66
BRDA:200,22,1,4
BRDA:233,23,0,18
BRDA:233,23,1,36
BRDA:233,24,0,54
BRDA:233,24,1,40
BRDA:233,24,2,18
BRDA:237,25,0,54
BRDA:237,25,1,0
BRDA:237,26,0,54
BRDA:237,26,1,54
BRDA:242,27,0,18
BRDA:242,27,1,0
BRDA:244,28,0,36
BRDA:244,28,1,18
BRDA:256,29,0,22
BRDA:256,29,1,32
BRDA:267,30,0,6
BRDA:267,30,1,48
BRDA:281,31,0,0
BRDA:281,31,1,22
BRDA:286,32,0,22
BRDA:286,32,1,0
BRF:66
BRH:46
end_of_record
TN:
SF:./src/js/core/directives/ui-grid-menu.js
FN:1,(anonymous_1)
FN:39,(anonymous_2)
FN:50,(anonymous_3)
FN:61,(anonymous_4)
FN:65,(anonymous_5)
FN:69,(anonymous_6)
FN:73,(anonymous_7)
FN:76,(anonymous_8)
FN:80,documentClick
FN:81,(anonymous_10)
FN:87,(anonymous_11)
FN:94,(anonymous_12)
FN:99,(anonymous_13)
FN:108,(anonymous_14)
FN:123,(anonymous_15)
FN:125,(anonymous_16)
FN:131,(anonymous_17)
FN:139,(anonymous_18)
FN:148,(anonymous_19)
FN:151,(anonymous_20)
FN:164,(anonymous_21)
FNF:21
FNH:14
FNDA:1,(anonymous_1)
FNDA:29,(anonymous_2)
FNDA:60,(anonymous_3)
FNDA:102,(anonymous_4)
FNDA:4,(anonymous_5)
FNDA:0,(anonymous_6)
FNDA:60,(anonymous_7)
FNDA:324,(anonymous_8)
FNDA:0,documentClick
FNDA:0,(anonymous_10)
FNDA:0,(anonymous_11)
FNDA:0,(anonymous_12)
FNDA:0,(anonymous_13)
FNDA:29,(anonymous_14)
FNDA:61,(anonymous_15)
FNDA:121,(anonymous_16)
FNDA:0,(anonymous_17)
FNDA:121,(anonymous_18)
FNDA:118,(anonymous_19)
FNDA:1023,(anonymous_20)
FNDA:3,(anonymous_21)
DA:1,1
DA:37,1
DA:40,29
DA:51,60
DA:53,60
DA:54,60
DA:57,60
DA:58,60
DA:61,60
DA:62,102
DA:65,60
DA:66,4
DA:69,60
DA:70,0
DA:74,60
DA:76,60
DA:77,324
DA:80,1
DA:81,0
DA:82,0
DA:83,0
DA:87,60
DA:88,0
DA:91,0
DA:94,0
DA:95,0
DA:99,60
DA:100,0
DA:105,29
DA:109,29
DA:124,61
DA:126,121
DA:129,121
DA:130,0
DA:132,0
DA:134,0
DA:135,0
DA:140,121
DA:147,121
DA:148,118
DA:151,121
DA:152,1023
DA:153,1023
DA:154,0
DA:157,1023
DA:158,861
DA:161,1023
DA:164,121
DA:165,3
DA:166,3
DA:168,3
DA:169,2
DA:171,2
DA:172,0
DA:176,2
DA:177,0
DA:180,2
DA:182,2
DA:186,121
DA:192,29
LF:60
LH:44
BRDA:53,1,0,60
BRDA:53,1,1,0
BRDA:53,2,0,60
BRDA:53,2,1,0
BRDA:57,3,0,60
BRDA:57,3,1,0
BRDA:129,4,0,0
BRDA:129,4,1,121
BRDA:147,5,0,40
BRDA:147,5,1,81
BRDA:147,6,0,121
BRDA:147,6,1,81
BRDA:153,7,0,0
BRDA:153,7,1,1023
BRDA:157,8,0,861
BRDA:157,8,1,162
BRDA:157,9,0,1023
BRDA:157,9,1,861
BRDA:168,10,0,2
BRDA:168,10,1,1
BRDA:171,11,0,0
BRDA:171,11,1,2
BRDA:176,12,0,0
BRDA:176,12,1,2
BRDA:176,13,0,2
BRDA:176,13,1,0
BRF:26
BRH:18
end_of_record
TN:
SF:./src/js/core/directives/ui-grid-native-scrollbar.js
FN:1,(anonymous_1)
FN:4,(anonymous_2)
FN:13,(anonymous_3)
FN:65,updateNativeVerticalScrollbar
FN:88,updateNativeHorizontalScrollbar
FN:120,scrollEvent
FN:187,(anonymous_7)
FN:191,gridScroll
FNF:8
FNH:6
FNDA:1,(anonymous_1)
FNDA:16,(anonymous_2)
FNDA:12,(anonymous_3)
FNDA:6,updateNativeVerticalScrollbar
FNDA:6,updateNativeHorizontalScrollbar
FNDA:0,scrollEvent
FNDA:10,(anonymous_7)
FNDA:0,gridScroll
DA:1,1
DA:4,1
DA:5,16
DA:6,16
DA:8,16
DA:14,12
DA:15,12
DA:16,12
DA:17,12
DA:18,12
DA:20,12
DA:22,12
DA:24,12
DA:26,12
DA:28,12
DA:30,6
DA:32,6
DA:34,6
DA:35,6
DA:38,6
DA:40,6
DA:42,6
DA:44,6
DA:47,6
DA:48,6
DA:51,6
DA:55,12
DA:58,12
DA:59,6
DA:61,6
DA:62,6
DA:65,1
DA:67,6
DA:71,6
DA:76,6
DA:77,6
DA:79,6
DA:81,6
DA:85,12
DA:86,12
DA:88,1
DA:89,6
DA:92,6
DA:94,6
DA:95,6
DA:97,6
DA:99,6
DA:103,12
DA:104,12
DA:105,6
DA:110,6
DA:111,6
DA:118,12
DA:120,1
DA:121,0
DA:122,0
DA:124,0
DA:126,0
DA:129,0
DA:130,0
DA:133,0
DA:135,0
DA:136,0
DA:138,0
DA:146,0
DA:147,0
DA:151,0
DA:154,0
DA:156,0
DA:158,0
DA:160,0
DA:162,0
DA:163,0
DA:165,0
DA:173,0
DA:174,0
DA:178,0
DA:181,0
DA:185,12
DA:187,12
DA:188,10
DA:191,1
DA:193,0
DA:194,0
DA:198,0
DA:200,0
DA:201,0
DA:202,0
DA:204,0
DA:206,0
DA:209,0
DA:210,0
DA:211,0
DA:213,0
DA:216,0
DA:221,12
DA:222,12
LF:97
LH:60
BRDA:6,1,0,16
BRDA:6,1,1,0
BRDA:28,2,0,6
BRDA:28,2,1,6
BRDA:40,3,0,6
BRDA:40,3,1,0
BRDA:58,4,0,6
BRDA:58,4,1,6
BRDA:61,5,0,6
BRDA:61,5,1,0
BRDA:103,6,0,12
BRDA:103,6,1,0
BRDA:104,7,0,6
BRDA:104,7,1,6
BRDA:110,8,0,6
BRDA:110,8,1,0
BRDA:121,9,0,0
BRDA:121,9,1,0
BRDA:129,10,0,0
BRDA:129,10,1,0
BRDA:129,11,0,0
BRDA:129,11,1,0
BRDA:135,12,0,0
BRDA:135,12,1,0
BRDA:136,13,0,0
BRDA:136,13,1,0
BRDA:146,14,0,0
BRDA:146,14,1,0
BRDA:156,15,0,0
BRDA:156,15,1,0
BRDA:173,16,0,0
BRDA:173,16,1,0
BRDA:193,17,0,0
BRDA:193,17,1,0
BRDA:193,18,0,0
BRDA:193,18,1,0
BRDA:193,18,2,0
BRDA:200,19,0,0
BRDA:200,19,1,0
BRDA:201,20,0,0
BRDA:201,20,1,0
BRDA:201,21,0,0
BRDA:201,21,1,0
BRDA:201,21,2,0
BRDA:209,22,0,0
BRDA:209,22,1,0
BRDA:210,23,0,0
BRDA:210,23,1,0
BRDA:210,24,0,0
BRDA:210,24,1,0
BRDA:210,24,2,0
BRF:51
BRH:11
end_of_record
TN:
SF:./src/js/core/directives/ui-grid-render-container.js
FN:1,(anonymous_1)
FN:7,(anonymous_2)
FN:22,(anonymous_3)
FN:24,prelink
FN:54,postlink
FN:72,scrollHandler
FN:149,(anonymous_7)
FN:186,update
FN:220,(anonymous_9)
FN:223,(anonymous_10)
FN:248,(anonymous_11)
FNF:11
FNH:7
FNDA:1,(anonymous_1)
FNDA:16,(anonymous_2)
FNDA:22,(anonymous_3)
FNDA:22,prelink
FNDA:22,postlink
FNDA:0,scrollHandler
FNDA:0,(anonymous_7)
FNDA:54,update
FNDA:22,(anonymous_9)
FNDA:0,(anonymous_10)
FNDA:0,(anonymous_11)
DA:1,1
DA:4,1
DA:6,1
DA:8,16
DA:23,22
DA:25,22
DA:27,22
DA:28,22
DA:30,22
DA:33,22
DA:34,0
DA:36,22
DA:37,0
DA:40,22
DA:41,0
DA:43,22
DA:44,0
DA:47,22
DA:48,22
DA:50,22
DA:51,22
DA:52,22
DA:55,22
DA:57,22
DA:58,22
DA:60,22
DA:61,22
DA:62,22
DA:65,22
DA:68,22
DA:69,22
DA:72,1
DA:74,0
DA:75,0
DA:77,0
DA:80,0
DA:81,0
DA:84,0
DA:86,0
DA:87,0
DA:88,0
DA:90,0
DA:91,0
DA:95,0
DA:98,0
DA:100,0
DA:105,0
DA:109,0
DA:110,0
DA:112,0
DA:115,0
DA:117,0
DA:118,0
DA:119,0
DA:121,0
DA:122,0
DA:125,0
DA:128,0
DA:133,0
DA:135,0
DA:137,0
DA:139,0
DA:144,0
DA:149,22
DA:151,0
DA:153,0
DA:155,0
DA:156,0
DA:157,0
DA:160,0
DA:163,0
DA:164,0
DA:166,0
DA:168,0
DA:169,0
DA:172,0
DA:173,0
DA:176,0
DA:177,0
DA:179,0
DA:182,0
DA:186,1
DA:187,54
DA:189,54
DA:190,54
DA:192,54
DA:193,54
DA:195,54
DA:198,54
DA:199,54
DA:201,54
DA:202,54
DA:206,54
DA:209,22
DA:220,1
DA:221,22
DA:223,22
DA:224,0
DA:226,0
DA:227,0
DA:229,0
DA:232,0
DA:236,0
DA:237,0
DA:238,0
DA:241,0
DA:245,0
DA:248,22
DA:249,0
DA:251,0
DA:252,0
DA:253,0
DA:255,0
DA:256,0
DA:259,0
DA:264,0
LF:116
LH:46
BRDA:33,1,0,0
BRDA:33,1,1,22
BRDA:36,2,0,0
BRDA:36,2,1,22
BRDA:40,3,0,0
BRDA:40,3,1,22
BRDA:43,4,0,0
BRDA:43,4,1,22
BRDA:68,5,0,22
BRDA:68,5,1,0
BRDA:68,6,0,22
BRDA:68,6,1,0
BRDA:74,7,0,0
BRDA:74,7,1,0
BRDA:74,8,0,0
BRDA:74,8,1,0
BRDA:80,9,0,0
BRDA:80,9,1,0
BRDA:80,10,0,0
BRDA:80,10,1,0
BRDA:87,11,0,0
BRDA:87,11,1,0
BRDA:87,12,0,0
BRDA:87,12,1,0
BRDA:90,13,0,0
BRDA:90,13,1,0
BRDA:90,14,0,0
BRDA:90,14,1,0
BRDA:109,15,0,0
BRDA:109,15,1,0
BRDA:109,16,0,0
BRDA:109,16,1,0
BRDA:118,17,0,0
BRDA:118,17,1,0
BRDA:118,18,0,0
BRDA:118,18,1,0
BRDA:121,19,0,0
BRDA:121,19,1,0
BRDA:121,20,0,0
BRDA:121,20,1,0
BRDA:137,21,0,0
BRDA:137,21,1,0
BRDA:156,22,0,0
BRDA:156,22,1,0
BRDA:163,23,0,0
BRDA:163,23,1,0
BRDA:164,24,0,0
BRDA:164,24,1,0
BRDA:168,25,0,0
BRDA:168,25,1,0
BRDA:176,26,0,0
BRDA:176,26,1,0
BRDA:177,27,0,0
BRDA:177,27,1,0
BRDA:226,28,0,0
BRDA:226,28,1,0
BRDA:227,29,0,0
BRDA:227,29,1,0
BRDA:227,30,0,0
BRDA:227,30,1,0
BRDA:236,31,0,0
BRDA:236,31,1,0
BRDA:236,32,0,0
BRDA:236,32,1,0
BRDA:237,33,0,0
BRDA:237,33,1,0
BRDA:251,34,0,0
BRDA:251,34,1,0
BRDA:252,35,0,0
BRDA:252,35,1,0
BRDA:252,36,0,0
BRDA:252,36,1,0
BRDA:255,37,0,0
BRDA:255,37,1,0
BRF:74
BRH:6
end_of_record
TN:
SF:./src/js/core/directives/ui-grid-row.js
FN:1,(anonymous_1)
FN:4,(anonymous_2)
FN:14,(anonymous_3)
FN:16,(anonymous_4)
FN:25,(anonymous_5)
FN:26,(anonymous_6)
FN:31,(anonymous_7)
FNF:7
FNH:7
FNDA:1,(anonymous_1)
FNDA:16,(anonymous_2)
FNDA:22,(anonymous_3)
FNDA:88,(anonymous_4)
FNDA:88,(anonymous_5)
FNDA:88,(anonymous_6)
FNDA:88,(anonymous_7)
DA:1,1
DA:4,1
DA:5,16
DA:15,22
DA:17,88
DA:18,88
DA:20,88
DA:22,88
DA:23,88
DA:25,88
DA:26,88
DA:27,88
DA:32,88
DA:33,88
DA:37,88
DA:38,88
LF:16
LH:16
BRF:0
BRH:0
end_of_record
TN:
SF:./src/js/core/directives/ui-grid-scrollbar.js
FN:1,(anonymous_1)
FN:4,(anonymous_2)
FN:13,(anonymous_3)
FN:39,(anonymous_4)
FN:48,gridMouseEnter
FN:56,gridMouseLeave
FN:71,updateVerticalScrollbar
FN:76,updateHorizontalScrollbar
FN:104,(anonymous_9)
FN:113,(anonymous_10)
FN:122,(anonymous_11)
FN:154,mousedown
FN:182,mousemove
FN:213,(anonymous_14)
FN:267,mouseup
FN:310,(anonymous_16)
FNF:16
FNH:1
FNDA:1,(anonymous_1)
FNDA:0,(anonymous_2)
FNDA:0,(anonymous_3)
FNDA:0,(anonymous_4)
FNDA:0,gridMouseEnter
FNDA:0,gridMouseLeave
FNDA:0,updateVerticalScrollbar
FNDA:0,updateHorizontalScrollbar
FNDA:0,(anonymous_9)
FNDA:0,(anonymous_10)
FNDA:0,(anonymous_11)
FNDA:0,mousedown
FNDA:0,mousemove
FNDA:0,(anonymous_14)
FNDA:0,mouseup
FNDA:0,(anonymous_16)
DA:1,1
DA:4,1
DA:5,0
DA:14,0
DA:16,0
DA:17,0
DA:20,0
DA:22,0
DA:28,0
DA:29,0
DA:31,0
DA:32,0
DA:34,0
DA:38,0
DA:39,0
DA:40,0
DA:41,0
DA:47,0
DA:48,1
DA:49,0
DA:50,0
DA:52,0
DA:54,0
DA:56,1
DA:57,0
DA:58,0
DA:59,0
DA:62,0
DA:71,1
DA:72,0
DA:73,0
DA:76,1
DA:77,0
DA:78,0
DA:85,0
DA:87,0
DA:90,0
DA:91,0
DA:96,0
DA:97,0
DA:104,0
DA:105,0
DA:106,0
DA:108,0
DA:109,0
DA:113,0
DA:114,0
DA:115,0
DA:117,0
DA:118,0
DA:122,0
DA:123,0
DA:124,0
DA:126,0
DA:127,0
DA:138,0
DA:150,0
DA:154,1
DA:156,0
DA:158,0
DA:160,0
DA:168,0
DA:171,0
DA:172,0
DA:174,0
DA:175,0
DA:179,0
DA:182,1
DA:184,0
DA:185,0
DA:189,0
DA:190,0
DA:191,0
DA:192,0
DA:194,0
DA:196,0
DA:198,0
DA:199,0
DA:200,0
DA:202,0
DA:204,0
DA:209,0
DA:213,0
DA:216,0
DA:217,0
DA:219,0
DA:220,0
DA:222,0
DA:224,0
DA:226,0
DA:227,0
DA:229,0
DA:232,0
DA:233,0
DA:239,0
DA:242,0
DA:250,0
DA:251,0
DA:254,0
DA:259,0
DA:260,0
DA:267,1
DA:269,0
DA:271,0
DA:272,0
DA:275,0
DA:278,0
DA:279,0
DA:310,0
DA:311,0
DA:312,0
DA:313,0
DA:314,0
DA:315,0
DA:316,0
LF:115
LH:9
BRDA:16,1,0,0
BRDA:16,1,1,0
BRDA:28,2,0,0
BRDA:28,2,1,0
BRDA:31,3,0,0
BRDA:31,3,1,0
BRDA:40,4,0,0
BRDA:40,4,1,0
BRDA:58,5,0,0
BRDA:58,5,1,0
BRDA:85,6,0,0
BRDA:85,6,1,0
BRDA:90,7,0,0
BRDA:90,7,1,0
BRDA:96,8,0,0
BRDA:96,8,1,0
BRDA:105,9,0,0
BRDA:105,9,1,0
BRDA:108,10,0,0
BRDA:108,10,1,0
BRDA:114,11,0,0
BRDA:114,11,1,0
BRDA:117,12,0,0
BRDA:117,12,1,0
BRDA:123,13,0,0
BRDA:123,13,1,0
BRDA:126,14,0,0
BRDA:126,14,1,0
BRDA:190,15,0,0
BRDA:190,15,1,0
BRDA:191,16,0,0
BRDA:191,16,1,0
BRDA:192,17,0,0
BRDA:192,17,1,0
BRDA:198,18,0,0
BRDA:198,18,1,0
BRDA:199,19,0,0
BRDA:199,19,1,0
BRDA:200,20,0,0
BRDA:200,20,1,0
BRDA:217,21,0,0
BRDA:217,21,1,0
BRDA:219,22,0,0
BRDA:219,22,1,0
BRDA:224,23,0,0
BRDA:224,23,1,0
BRDA:226,24,0,0
BRDA:226,24,1,0
BRDA:232,25,0,0
BRDA:232,25,1,0
BRDA:233,26,0,0
BRDA:233,26,1,0
BRDA:250,27,0,0
BRDA:250,27,1,0
BRDA:271,28,0,0
BRDA:271,28,1,0
BRF:56
BRH:0
end_of_record
TN:
SF:./src/js/core/directives/ui-grid-style.js
FN:1,(anonymous_1)
FN:41,(anonymous_2)
FN:46,(anonymous_3)
FN:55,(anonymous_4)
FNF:4
FNH:4
FNDA:1,(anonymous_1)
FNDA:19,(anonymous_2)
FNDA:25,(anonymous_3)
FNDA:54,(anonymous_4)
DA:1,1
DA:41,1
DA:42,19
DA:47,25
DA:52,25
DA:54,25
DA:55,25
DA:56,54
LF:8
LH:8
BRDA:54,1,0,25
BRDA:54,1,1,0
BRF:2
BRH:1
end_of_record
TN:
SF:./src/js/core/directives/ui-grid-viewport.js
FN:1,(anonymous_1)
FN:5,(anonymous_2)
FN:11,(anonymous_3)
FN:31,(anonymous_4)
FNF:4
FNH:3
FNDA:1,(anonymous_1)
FNDA:16,(anonymous_2)
FNDA:22,(anonymous_3)
FNDA:0,(anonymous_4)
DA:1,1
DA:4,1
DA:6,16
DA:12,22
DA:14,22
DA:15,22
DA:17,22
DA:19,22
DA:20,22
DA:22,22
DA:25,22
DA:26,22
DA:29,22
DA:31,22
DA:32,0
DA:34,0
DA:38,0
DA:39,0
DA:41,0
DA:42,0
DA:44,0
DA:47,0
DA:48,0
DA:51,0
DA:53,0
DA:55,0
DA:56,0
DA:58,0
LF:28
LH:14
BRDA:38,1,0,0
BRDA:38,1,1,0
BRDA:47,2,0,0
BRDA:47,2,1,0
BRDA:55,3,0,0
BRDA:55,3,1,0
BRDA:56,4,0,0
BRDA:56,4,1,0
BRF:8
BRH:0
end_of_record
TN:
SF:./src/js/core/directives/ui-grid-visible.js
FN:1,(anonymous_1)
FN:4,uiGridVisibleAction
FN:5,(anonymous_3)
FN:6,(anonymous_4)
FNF:4
FNH:4
FNDA:1,(anonymous_1)
FNDA:16,uiGridVisibleAction
FNDA:66,(anonymous_3)
FNDA:66,(anonymous_4)
DA:1,1
DA:3,1
DA:5,16
DA:6,66
DA:8,66
LF:5
LH:5
BRDA:8,1,0,0
BRDA:8,1,1,66
BRF:2
BRH:1
end_of_record
TN:
SF:./src/js/core/directives/ui-grid.js
FN:1,(anonymous_1)
FN:6,(anonymous_2)
FN:27,preCompileCellTemplates
FN:29,(anonymous_4)
FN:42,(anonymous_5)
FN:45,(anonymous_6)
FN:64,(anonymous_7)
FN:67,(anonymous_8)
FN:69,columnDefsWatchFunction
FN:73,(anonymous_10)
FN:82,dataWatchFunction
FN:93,(anonymous_12)
FN:97,(anonymous_13)
FN:99,(anonymous_14)
FN:104,(anonymous_15)
FN:113,(anonymous_16)
FN:119,(anonymous_17)
FN:119,(anonymous_18)
FN:124,(anonymous_19)
FN:133,(anonymous_20)
FN:148,(anonymous_21)
FN:156,queueRefresh
FN:161,(anonymous_23)
FN:165,(anonymous_24)
FN:170,(anonymous_25)
FN:174,refreshRows
FN:176,(anonymous_27)
FN:185,refresh
FN:188,(anonymous_29)
FN:192,(anonymous_30)
FN:196,(anonymous_31)
FN:204,redrawInPlace
FN:223,(anonymous_33)
FN:227,(anonymous_34)
FN:240,innerCompile
FN:244,isRTL
FN:285,(anonymous_37)
FN:300,(anonymous_38)
FN:302,(anonymous_39)
FNF:39
FNH:23
FNDA:1,(anonymous_1)
FNDA:33,(anonymous_2)
FNDA:37,preCompileCellTemplates
FNDA:95,(anonymous_4)
FNDA:0,(anonymous_5)
FNDA:0,(anonymous_6)
FNDA:373,(anonymous_7)
FNDA:373,(anonymous_8)
FNDA:37,columnDefsWatchFunction
FNDA:4,(anonymous_10)
FNDA:36,dataWatchFunction
FNDA:33,(anonymous_12)
FNDA:36,(anonymous_13)
FNDA:36,(anonymous_14)
FNDA:36,(anonymous_15)
FNDA:0,(anonymous_16)
FNDA:369,(anonymous_17)
FNDA:33,(anonymous_18)
FNDA:104,(anonymous_19)
FNDA:0,(anonymous_20)
FNDA:12,(anonymous_21)
FNDA:0,queueRefresh
FNDA:0,(anonymous_23)
FNDA:0,(anonymous_24)
FNDA:3432,(anonymous_25)
FNDA:0,refreshRows
FNDA:0,(anonymous_27)
FNDA:0,refresh
FNDA:0,(anonymous_29)
FNDA:0,(anonymous_30)
FNDA:0,(anonymous_31)
FNDA:36,redrawInPlace
FNDA:0,(anonymous_33)
FNDA:4,(anonymous_34)
FNDA:0,innerCompile
FNDA:0,isRTL
FNDA:18,(anonymous_37)
FNDA:25,(anonymous_38)
FNDA:25,(anonymous_39)
DA:1,1
DA:4,1
DA:8,33
DA:10,33
DA:13,33
DA:14,33
DA:19,33
DA:24,33
DA:27,1
DA:28,37
DA:29,37
DA:30,95
DA:32,95
DA:33,95
DA:38,33
DA:41,33
DA:42,0
DA:43,0
DA:44,0
DA:46,0
DA:48,0
DA:53,33
DA:59,33
DA:60,33
DA:61,0
DA:64,373
DA:67,373
DA:69,1
DA:70,37
DA:71,4
DA:72,4
DA:75,4
DA:77,4
DA:82,1
DA:84,36
DA:86,36
DA:87,36
DA:88,33
DA:89,33
DA:90,26
DA:92,33
DA:94,33
DA:97,36
DA:98,36
DA:101,36
DA:104,36
DA:105,36
DA:113,33
DA:114,0
DA:115,0
DA:119,369
DA:120,33
DA:124,33
DA:125,104
DA:126,79
DA:129,104
DA:131,104
DA:133,0
DA:134,0
DA:135,0
DA:139,0
DA:140,0
DA:143,0
DA:148,104
DA:149,12
DA:153,104
DA:156,33
DA:157,0
DA:158,0
DA:161,0
DA:162,0
DA:165,0
DA:166,0
DA:170,33
DA:171,3432
DA:174,33
DA:175,0
DA:177,0
DA:179,0
DA:181,0
DA:185,33
DA:186,0
DA:188,0
DA:189,0
DA:192,0
DA:193,0
DA:196,0
DA:197,0
DA:199,0
DA:204,33
DA:207,36
DA:208,36
DA:212,36
DA:213,36
DA:223,33
DA:224,0
DA:227,33
DA:229,4
DA:230,4
DA:233,4
DA:234,4
DA:237,4
DA:240,33
DA:241,0
DA:244,33
DA:245,0
DA:279,1
DA:291,18
DA:301,25
DA:303,25
DA:306,25
DA:308,25
DA:310,25
DA:313,25
DA:315,25
DA:317,25
DA:319,25
LF:117
LH:82
BRDA:41,1,0,0
BRDA:41,1,1,33
BRDA:53,2,0,7
BRDA:53,2,1,26
BRDA:60,3,0,0
BRDA:60,3,1,33
BRDA:70,4,0,4
BRDA:70,4,1,33
BRDA:70,5,0,37
BRDA:70,5,1,11
BRDA:86,6,0,36
BRDA:86,6,1,0
BRDA:87,7,0,33
BRDA:87,7,1,3
BRDA:89,8,0,26
BRDA:89,8,1,7
BRDA:89,9,0,33
BRDA:89,9,1,33
BRDA:125,10,0,79
BRDA:125,10,1,25
BRDA:131,11,0,0
BRDA:131,11,1,104
BRDA:139,12,0,0
BRDA:139,12,1,0
BRDA:139,13,0,0
BRDA:139,13,1,0
BRDA:157,14,0,0
BRDA:157,14,1,0
BRDA:229,15,0,4
BRDA:229,15,1,0
BRDA:229,16,0,4
BRDA:229,16,1,0
BRDA:233,17,0,4
BRDA:233,17,1,0
BRDA:233,18,0,4
BRDA:233,18,1,0
BRF:36
BRH:22
end_of_record
TN:
SF:./src/js/core/factories/Grid.js
FN:1,(anonymous_1)
FN:5,(anonymous_2)
FN:14,Grid
FN:85,registerColumnBuilder
FN:96,(anonymous_5)
FN:108,registerRowBuilder
FN:119,getColumn
FN:120,(anonymous_8)
FN:132,(anonymous_9)
FN:134,(anonymous_10)
FN:159,buildColumns
FN:164,(anonymous_12)
FN:176,(anonymous_13)
FN:192,preprocessColDef
FN:206,newInN
FN:236,getRow
FN:237,(anonymous_17)
FN:253,modifyRows
FN:376,(anonymous_19)
FN:381,(anonymous_20)
FN:388,(anonymous_21)
FN:391,(anonymous_22)
FN:392,(anonymous_23)
FN:408,addRows
FN:434,processRowBuilders
FN:437,(anonymous_26)
FN:453,registerStyleComputation
FN:494,registerRowsProcessor
FN:509,removeRowsProcessor
FN:525,processRowsProcessors
FN:562,startProcessor
FN:569,handleProcessedRows
FN:599,setVisibleRows
FN:633,registerColumnsProcessor
FN:641,removeColumnsProcessor
FN:649,processColumnsProcessors
FN:672,startProcessor
FN:679,handleProcessedRows
FN:709,setVisibleColumns
FN:739,setRenderedRows
FN:746,setRenderedColumns
FN:783,buildStyles
FN:791,(anonymous_43)
FN:797,(anonymous_44)
FN:806,minRowsToRender
FN:810,minColumnsToRender
FN:816,(anonymous_47)
FN:835,getBodyHeight
FN:849,getViewportHeight
FN:868,getViewportWidth
FN:886,getHeaderViewportWidth
FN:896,registerViewportAdjuster
FN:900,registerViewportAdjuster
FN:908,getViewportAdjustment
FN:913,(anonymous_55)
FN:920,getVisibleRowCount
FN:933,getVisibleColumnCount
FN:946,getCanvasHeight
FN:956,getCanvasWidth
FN:968,getTotalRowHeight
FN:973,isScrolling
FN:977,setScrolling
FN:981,searchRows
FN:985,sortByColumn
FN:989,getCellValue
FN:1000,getNextColumnSortPriority
FN:1004,(anonymous_67)
FN:1020,resetColumnSorting
FN:1023,(anonymous_69)
FN:1037,getColumnSorting
FN:1043,(anonymous_71)
FN:1064,sortColumn
FN:1111,(anonymous_73)
FN:1117,createRowHashMap
FN:1127,RowHashMap
FN:1135,(anonymous_76)
FN:1143,(anonymous_77)
FN:1151,(anonymous_78)
FNF:78
FNH:54
FNDA:1,(anonymous_1)
FNDA:146,(anonymous_2)
FNDA:137,Grid
FNDA:143,registerColumnBuilder
FNDA:27,(anonymous_5)
FNDA:0,registerRowBuilder
FNDA:249,getColumn
FNDA:381,(anonymous_8)
FNDA:68,(anonymous_9)
FNDA:173,(anonymous_10)
FNDA:100,buildColumns
FNDA:231,(anonymous_12)
FNDA:371,(anonymous_13)
FNDA:231,preprocessColDef
FNDA:3,newInN
FNDA:1,getRow
FNDA:2,(anonymous_17)
FNDA:71,modifyRows
FNDA:42,(anonymous_19)
FNDA:42,(anonymous_20)
FNDA:3,(anonymous_21)
FNDA:3,(anonymous_22)
FNDA:9,(anonymous_23)
FNDA:71,addRows
FNDA:202,processRowBuilders
FNDA:0,(anonymous_26)
FNDA:210,registerStyleComputation
FNDA:178,registerRowsProcessor
FNDA:3,removeRowsProcessor
FNDA:77,processRowsProcessors
FNDA:120,startProcessor
FNDA:92,handleProcessedRows
FNDA:42,setVisibleRows
FNDA:84,registerColumnsProcessor
FNDA:0,removeColumnsProcessor
FNDA:71,processColumnsProcessors
FNDA:70,startProcessor
FNDA:42,handleProcessedRows
FNDA:42,setVisibleColumns
FNDA:0,setRenderedRows
FNDA:0,setRenderedColumns
FNDA:79,buildStyles
FNDA:192,(anonymous_43)
FNDA:199,(anonymous_44)
FNDA:0,minRowsToRender
FNDA:0,minColumnsToRender
FNDA:0,(anonymous_47)
FNDA:0,getBodyHeight
FNDA:678,getViewportHeight
FNDA:0,getViewportWidth
FNDA:0,getHeaderViewportWidth
FNDA:0,registerViewportAdjuster
FNDA:0,registerViewportAdjuster
FNDA:678,getViewportAdjustment
FNDA:0,(anonymous_55)
FNDA:339,getVisibleRowCount
FNDA:0,getVisibleColumnCount
FNDA:0,getCanvasHeight
FNDA:0,getCanvasWidth
FNDA:339,getTotalRowHeight
FNDA:0,isScrolling
FNDA:0,setScrolling
FNDA:0,searchRows
FNDA:42,sortByColumn
FNDA:3624,getCellValue
FNDA:0,getNextColumnSortPriority
FNDA:0,(anonymous_67)
FNDA:1,resetColumnSorting
FNDA:1,(anonymous_69)
FNDA:0,getColumnSorting
FNDA:0,(anonymous_71)
FNDA:3,sortColumn
FNDA:25,(anonymous_73)
FNDA:68,createRowHashMap
FNDA:68,RowHashMap
FNDA:202,(anonymous_76)
FNDA:210,(anonymous_77)
FNDA:3,(anonymous_78)
DA:1,1
DA:3,1
DA:14,146
DA:16,137
DA:17,136
DA:18,2
DA:22,1
DA:25,134
DA:26,134
DA:29,134
DA:32,134
DA:34,134
DA:35,134
DA:36,134
DA:37,134
DA:38,134
DA:39,134
DA:40,134
DA:41,134
DA:42,134
DA:47,134
DA:50,134
DA:52,134
DA:55,134
DA:58,134
DA:59,0
DA:65,134
DA:68,134
DA:71,134
DA:72,134
DA:74,134
DA:85,146
DA:86,143
DA:96,146
DA:97,27
DA:108,146
DA:109,0
DA:119,146
DA:120,249
DA:121,381
DA:123,249
DA:132,146
DA:133,68
DA:134,68
DA:137,173
DA:138,168
DA:139,168
DA:140,168
DA:141,168
DA:144,0
DA:145,0
DA:159,146
DA:160,100
DA:161,100
DA:162,100
DA:164,100
DA:165,231
DA:166,231
DA:168,231
DA:169,199
DA:170,199
DA:173,32
DA:176,231
DA:177,371
DA:182,100
DA:192,146
DA:193,231
DA:194,0
DA:199,231
DA:200,43
DA:206,146
DA:207,3
DA:209,3
DA:210,3
DA:211,5
DA:213,5
DA:214,5
DA:215,10
DA:216,10
DA:217,0
DA:218,0
DA:221,5
DA:222,5
DA:226,3
DA:236,146
DA:237,1
DA:238,2
DA:240,1
DA:253,146
DA:254,71
DA:258,71
DA:259,68
DA:260,68
DA:261,68
DA:264,68
DA:265,197
DA:267,197
DA:274,68
DA:276,68
DA:278,3
DA:279,3
DA:282,3
DA:284,3
DA:286,3
DA:288,3
DA:290,3
DA:293,3
DA:294,0
DA:296,3
DA:299,3
DA:300,8
DA:303,8
DA:304,8
DA:305,5
DA:309,8
DA:311,8
DA:313,3
DA:315,3
DA:320,5
DA:326,5
DA:327,5
DA:330,0
DA:336,3
DA:337,6
DA:338,6
DA:339,6
DA:340,3
DA:346,3
DA:349,3
DA:352,3
DA:354,3
DA:356,3
DA:358,3
DA:359,3
DA:360,3
DA:363,3
DA:369,0
DA:372,0
DA:375,71
DA:377,42
DA:380,71
DA:382,42
DA:385,71
DA:388,146
DA:389,3
DA:391,3
DA:392,3
DA:393,9
DA:398,3
DA:408,146
DA:409,71
DA:411,71
DA:412,71
DA:413,202
DA:415,202
DA:416,202
DA:417,202
DA:418,202
DA:422,202
DA:434,146
DA:435,202
DA:437,202
DA:438,0
DA:441,202
DA:453,146
DA:454,210
DA:494,146
DA:495,178
DA:496,1
DA:499,177
DA:509,146
DA:510,3
DA:512,3
DA:513,3
DA:525,146
DA:526,77
DA:529,77
DA:546,77
DA:547,2
DA:551,75
DA:554,75
DA:562,1
DA:564,120
DA:568,120
DA:571,92
DA:572,0
DA:575,92
DA:576,1
DA:580,91
DA:583,91
DA:584,45
DA:588,46
DA:594,75
DA:596,75
DA:599,146
DA:602,42
DA:607,42
DA:608,42
DA:610,42
DA:614,42
DA:615,124
DA:618,124
DA:622,124
DA:623,0
DA:627,124
DA:633,146
DA:634,84
DA:635,0
DA:638,84
DA:641,146
DA:642,0
DA:644,0
DA:645,0
DA:649,146
DA:650,71
DA:653,71
DA:656,71
DA:657,1
DA:661,70
DA:664,70
DA:672,1
DA:674,70
DA:678,70
DA:681,42
DA:682,0
DA:685,42
DA:686,0
DA:690,42
DA:693,42
DA:694,0
DA:698,42
DA:704,70
DA:706,70
DA:709,146
DA:712,42
DA:715,42
DA:716,42
DA:718,42
DA:721,42
DA:722,92
DA:725,92
DA:727,92
DA:728,0
DA:732,92
DA:739,146
DA:740,0
DA:741,0
DA:742,0
DA:746,146
DA:747,0
DA:750,0
DA:751,0
DA:752,0
DA:783,146
DA:786,79
DA:788,79
DA:790,79
DA:792,192
DA:793,192
DA:794,192
DA:795,192
DA:798,199
DA:800,199
DA:801,199
DA:806,146
DA:807,0
DA:810,146
DA:811,0
DA:812,0
DA:814,0
DA:815,0
DA:816,0
DA:817,0
DA:818,0
DA:819,0
DA:822,0
DA:823,0
DA:824,0
DA:826,0
DA:827,0
DA:832,0
DA:835,146
DA:837,0
DA:840,0
DA:841,0
DA:844,0
DA:849,146
DA:850,678
DA:852,678
DA:855,678
DA:856,230
DA:859,678
DA:861,678
DA:865,678
DA:868,146
DA:869,0
DA:871,0
DA:873,0
DA:874,0
DA:877,0
DA:879,0
DA:883,0
DA:886,146
DA:887,0
DA:889,0
DA:890,0
DA:893,0
DA:896,146
DA:897,0
DA:900,146
DA:901,0
DA:903,0
DA:904,0
DA:908,146
DA:909,678
DA:911,678
DA:913,678
DA:914,0
DA:917,678
DA:920,146
DA:930,339
DA:933,146
DA:943,0
DA:946,146
DA:947,0
DA:949,0
DA:950,0
DA:953,0
DA:956,146
DA:957,0
DA:959,0
DA:960,0
DA:965,0
DA:968,146
DA:969,339
DA:973,146
DA:974,0
DA:977,146
DA:978,0
DA:981,146
DA:982,0
DA:985,146
DA:986,42
DA:989,146
DA:990,3624
DA:992,3624
DA:993,181
DA:996,3624
DA:1000,146
DA:1001,0
DA:1004,0
DA:1005,0
DA:1006,0
DA:1010,0
DA:1020,146
DA:1021,1
DA:1023,1
DA:1024,1
DA:1025,0
DA:1037,146
DA:1038,0
DA:1040,0
DA:1043,0
DA:1044,0
DA:1045,0
DA:1049,0
DA:1064,146
DA:1065,3
DA:1068,3
DA:1069,2
DA:1074,1
DA:1075,0
DA:1078,1
DA:1081,1
DA:1082,1
DA:1083,1
DA:1086,0
DA:1089,1
DA:1091,1
DA:1092,0
DA:1094,1
DA:1095,0
DA:1098,1
DA:1102,0
DA:1105,1
DA:1111,146
DA:1112,25
DA:1113,0
DA:1117,146
DA:1118,68
DA:1120,68
DA:1121,68
DA:1123,68
DA:1127,1
DA:1129,146
DA:1136,202
DA:1144,210
DA:1152,3
DA:1153,3
DA:1154,3
DA:1158,146
LF:401
LH:307
BRDA:16,1,0,136
BRDA:16,1,1,1
BRDA:16,2,0,137
BRDA:16,2,1,136
BRDA:16,2,2,136
BRDA:17,3,0,2
BRDA:17,3,1,134
BRDA:58,4,0,0
BRDA:58,4,1,134
BRDA:58,5,0,134
BRDA:58,5,1,16
BRDA:123,6,0,50
BRDA:123,6,1,199
BRDA:137,7,0,168
BRDA:137,7,1,5
BRDA:139,8,0,168
BRDA:139,8,1,0
BRDA:140,9,0,168
BRDA:140,9,1,0
BRDA:168,10,0,199
BRDA:168,10,1,32
BRDA:193,11,0,0
BRDA:193,11,1,231
BRDA:193,12,0,231
BRDA:193,12,1,159
BRDA:199,13,0,43
BRDA:199,13,1,188
BRDA:199,14,0,231
BRDA:199,14,1,43
BRDA:211,15,0,0
BRDA:211,15,1,5
BRDA:215,16,0,10
BRDA:215,16,1,0
BRDA:216,17,0,0
BRDA:216,17,1,10
BRDA:221,18,0,5
BRDA:221,18,1,0
BRDA:240,19,0,1
BRDA:240,19,1,0
BRDA:258,20,0,68
BRDA:258,20,1,3
BRDA:258,21,0,71
BRDA:258,21,1,68
BRDA:259,22,0,68
BRDA:259,22,1,0
BRDA:260,23,0,68
BRDA:260,23,1,0
BRDA:278,24,0,3
BRDA:278,24,1,0
BRDA:282,25,0,3
BRDA:282,25,1,0
BRDA:293,26,0,0
BRDA:293,26,1,3
BRDA:304,27,0,5
BRDA:304,27,1,3
BRDA:311,28,0,3
BRDA:311,28,1,5
BRDA:313,29,0,3
BRDA:313,29,1,0
BRDA:326,30,0,5
BRDA:326,30,1,0
BRDA:339,31,0,3
BRDA:339,31,1,3
BRDA:346,32,0,3
BRDA:346,32,1,0
BRDA:349,33,0,3
BRDA:349,33,1,0
BRDA:356,34,0,3
BRDA:356,34,1,0
BRDA:359,35,0,3
BRDA:359,35,1,0
BRDA:415,36,0,202
BRDA:415,36,1,0
BRDA:417,37,0,202
BRDA:417,37,1,0
BRDA:495,38,0,1
BRDA:495,38,1,177
BRDA:512,39,0,3
BRDA:512,39,1,0
BRDA:512,40,0,3
BRDA:512,40,1,3
BRDA:546,41,0,2
BRDA:546,41,1,75
BRDA:571,42,0,0
BRDA:571,42,1,92
BRDA:575,43,0,1
BRDA:575,43,1,91
BRDA:583,44,0,45
BRDA:583,44,1,46
BRDA:618,45,0,124
BRDA:618,45,1,0
BRDA:622,46,0,0
BRDA:622,46,1,124
BRDA:622,47,0,124
BRDA:622,47,1,0
BRDA:634,48,0,0
BRDA:634,48,1,84
BRDA:644,49,0,0
BRDA:644,49,1,0
BRDA:644,50,0,0
BRDA:644,50,1,0
BRDA:656,51,0,1
BRDA:656,51,1,70
BRDA:681,52,0,0
BRDA:681,52,1,42
BRDA:685,53,0,0
BRDA:685,53,1,42
BRDA:693,54,0,0
BRDA:693,54,1,42
BRDA:725,55,0,92
BRDA:725,55,1,0
BRDA:727,56,0,0
BRDA:727,56,1,92
BRDA:727,57,0,92
BRDA:727,57,1,0
BRDA:792,58,0,0
BRDA:792,58,1,192
BRDA:793,59,0,0
BRDA:793,59,1,192
BRDA:794,60,0,0
BRDA:794,60,1,192
BRDA:794,61,0,192
BRDA:794,61,1,0
BRDA:800,62,0,199
BRDA:800,62,1,0
BRDA:817,63,0,0
BRDA:817,63,1,0
BRDA:826,64,0,0
BRDA:826,64,1,0
BRDA:840,65,0,0
BRDA:840,65,1,0
BRDA:840,66,0,0
BRDA:840,66,1,0
BRDA:840,66,2,0
BRDA:855,67,0,230
BRDA:855,67,1,448
BRDA:855,68,0,678
BRDA:855,68,1,230
BRDA:855,68,2,230
BRDA:873,69,0,0
BRDA:873,69,1,0
BRDA:873,70,0,0
BRDA:873,70,1,0
BRDA:873,70,2,0
BRDA:889,71,0,0
BRDA:889,71,1,0
BRDA:889,72,0,0
BRDA:889,72,1,0
BRDA:889,72,2,0
BRDA:903,73,0,0
BRDA:903,73,1,0
BRDA:903,74,0,0
BRDA:903,74,1,0
BRDA:949,75,0,0
BRDA:949,75,1,0
BRDA:949,76,0,0
BRDA:949,76,1,0
BRDA:949,76,2,0
BRDA:959,77,0,0
BRDA:959,77,1,0
BRDA:959,78,0,0
BRDA:959,78,1,0
BRDA:959,78,2,0
BRDA:974,79,0,0
BRDA:974,79,1,0
BRDA:992,80,0,181
BRDA:992,80,1,3443
BRDA:1005,81,0,0
BRDA:1005,81,1,0
BRDA:1005,82,0,0
BRDA:1005,82,1,0
BRDA:1005,82,2,0
BRDA:1024,83,0,0
BRDA:1024,83,1,1
BRDA:1044,84,0,0
BRDA:1044,84,1,0
BRDA:1044,85,0,0
BRDA:1044,85,1,0
BRDA:1044,85,2,0
BRDA:1044,85,3,0
BRDA:1044,85,4,0
BRDA:1068,86,0,2
BRDA:1068,86,1,1
BRDA:1068,87,0,3
BRDA:1068,87,1,1
BRDA:1074,88,0,0
BRDA:1074,88,1,1
BRDA:1081,89,0,1
BRDA:1081,89,1,0
BRDA:1089,90,0,1
BRDA:1089,90,1,0
BRDA:1091,91,0,0
BRDA:1091,91,1,1
BRDA:1091,92,0,1
BRDA:1091,92,1,0
BRDA:1094,93,0,0
BRDA:1094,93,1,1
BRDA:1094,94,0,1
BRDA:1094,94,1,0
BRDA:1112,95,0,0
BRDA:1112,95,1,25
BRF:201
BRH:102
end_of_record
TN:
SF:./src/js/core/factories/GridApi.js
FN:1,(anonymous_1)
FN:5,(anonymous_2)
FN:13,GridApi
FN:45,(anonymous_4)
FN:51,(anonymous_5)
FN:52,(anonymous_6)
FN:58,(anonymous_7)
FN:65,(anonymous_8)
FN:79,(anonymous_9)
FN:94,(anonymous_10)
FN:99,(anonymous_11)
FN:109,(anonymous_12)
FN:118,registerEventWithAngular
FN:119,(anonymous_14)
FN:142,(anonymous_15)
FN:145,(anonymous_16)
FN:147,(anonymous_17)
FN:153,(anonymous_18)
FN:154,(anonymous_19)
FN:170,(anonymous_20)
FN:194,(anonymous_21)
FN:197,(anonymous_22)
FN:199,(anonymous_23)
FN:205,(anonymous_24)
FN:206,(anonymous_25)
FNF:25
FNH:25
FNDA:1,(anonymous_1)
FNDA:146,(anonymous_2)
FNDA:140,GridApi
FNDA:1,(anonymous_4)
FNDA:1,(anonymous_5)
FNDA:3,(anonymous_6)
FNDA:2,(anonymous_7)
FNDA:2,(anonymous_8)
FNDA:44,(anonymous_9)
FNDA:17,(anonymous_10)
FNDA:7,(anonymous_11)
FNDA:3,(anonymous_12)
FNDA:9,registerEventWithAngular
FNDA:8,(anonymous_14)
FNDA:38,(anonymous_15)
FNDA:39,(anonymous_16)
FNDA:40,(anonymous_17)
FNDA:39,(anonymous_18)
FNDA:40,(anonymous_19)
FNDA:79,(anonymous_20)
FNDA:29,(anonymous_21)
FNDA:30,(anonymous_22)
FNDA:79,(anonymous_23)
FNDA:30,(anonymous_24)
FNDA:79,(anonymous_25)
DA:1,1
DA:3,1
DA:13,146
DA:14,140
DA:15,140
DA:45,146
DA:46,1
DA:47,1
DA:50,1
DA:51,1
DA:52,1
DA:53,3
DA:58,1
DA:59,2
DA:62,1
DA:65,1
DA:66,2
DA:79,146
DA:80,44
DA:81,44
DA:82,43
DA:85,44
DA:86,44
DA:87,43
DA:88,43
DA:91,44
DA:93,44
DA:94,44
DA:95,17
DA:98,44
DA:99,44
DA:100,7
DA:103,7
DA:104,7
DA:109,7
DA:110,3
DA:111,3
DA:112,3
DA:113,3
DA:118,1
DA:119,9
DA:120,8
DA:121,8
DA:122,8
DA:142,146
DA:143,38
DA:144,38
DA:145,38
DA:146,39
DA:147,39
DA:148,40
DA:150,39
DA:153,38
DA:154,39
DA:155,40
DA:170,146
DA:171,79
DA:172,2
DA:175,79
DA:176,79
DA:194,146
DA:195,29
DA:196,29
DA:197,29
DA:198,30
DA:199,30
DA:200,79
DA:202,30
DA:205,29
DA:206,30
DA:207,79
DA:213,146
LF:72
LH:72
BRDA:47,1,0,0
BRDA:47,1,1,1
BRDA:81,2,0,43
BRDA:81,2,1,1
BRDA:86,3,0,43
BRDA:86,3,1,1
BRDA:171,4,0,2
BRDA:171,4,1,77
BRF:8
BRH:7
end_of_record
TN:
SF:./src/js/core/factories/GridColumn.js
FN:1,(anonymous_1)
FN:4,(anonymous_2)
FN:35,GridColumn
FN:44,(anonymous_4)
FN:61,(anonymous_5)
FN:108,(anonymous_6)
FN:169,(anonymous_7)
FN:181,(anonymous_8)
FN:193,getRenderContainer
FNF:9
FNH:8
FNDA:1,(anonymous_1)
FNDA:146,(anonymous_2)
FNDA:423,GridColumn
FNDA:1820,(anonymous_4)
FNDA:455,(anonymous_5)
FNDA:0,(anonymous_6)
FNDA:432,(anonymous_7)
FNDA:96,(anonymous_8)
FNDA:8,getRenderContainer
DA:1,1
DA:3,1
DA:35,1
DA:36,423
DA:38,423
DA:39,423
DA:41,423
DA:44,146
DA:45,1820
DA:48,1820
DA:49,6
DA:52,1814
DA:53,128
DA:57,1686
DA:61,146
DA:62,455
DA:64,455
DA:67,455
DA:69,455
DA:70,0
DA:73,455
DA:76,455
DA:77,437
DA:81,18
DA:83,0
DA:85,0
DA:86,0
DA:87,0
DA:88,0
DA:90,0
DA:93,0
DA:94,0
DA:97,0
DA:98,0
DA:103,18
DA:108,455
DA:109,0
DA:112,455
DA:113,455
DA:116,455
DA:119,455
DA:123,455
DA:124,455
DA:126,455
DA:128,455
DA:131,455
DA:134,455
DA:135,455
DA:138,455
DA:141,455
DA:144,455
DA:157,455
DA:158,455
DA:169,146
DA:170,432
DA:172,432
DA:181,146
DA:182,96
DA:193,146
DA:194,8
DA:196,8
DA:198,8
DA:199,7
DA:202,8
DA:205,146
LF:65
LH:53
BRDA:48,1,0,6
BRDA:48,1,1,1814
BRDA:48,2,0,1820
BRDA:48,2,1,6
BRDA:52,3,0,128
BRDA:52,3,1,1686
BRDA:57,4,0,846
BRDA:57,4,1,840
BRDA:67,5,0,423
BRDA:67,5,1,32
BRDA:69,6,0,0
BRDA:69,6,1,455
BRDA:76,7,0,437
BRDA:76,7,1,18
BRDA:81,8,0,0
BRDA:81,8,1,18
BRDA:83,9,0,0
BRDA:83,9,1,0
BRDA:87,10,0,0
BRDA:87,10,1,0
BRDA:93,11,0,0
BRDA:93,11,1,0
BRDA:97,12,0,0
BRDA:97,12,1,0
BRDA:112,13,0,447
BRDA:112,13,1,8
BRDA:113,14,0,447
BRDA:113,14,1,8
BRDA:116,15,0,363
BRDA:116,15,1,92
BRDA:119,16,0,455
BRDA:119,16,1,0
BRDA:124,17,0,0
BRDA:124,17,1,455
BRDA:126,18,0,455
BRDA:126,18,1,0
BRDA:134,19,0,0
BRDA:134,19,1,455
BRDA:138,20,0,0
BRDA:138,20,1,455
BRDA:172,21,0,96
BRDA:172,21,1,336
BRDA:198,22,0,7
BRDA:198,22,1,1
BRDA:198,23,0,8
BRDA:198,23,1,8
BRDA:198,23,2,8
BRF:47
BRH:32
end_of_record
TN:
SF:./src/js/core/factories/GridOptions.js
FN:1,(anonymous_1)
FN:4,(anonymous_2)
FN:24,GridOptions
FN:81,rowIdentity
FN:93,rowIdentity
FN:144,(anonymous_6)
FNF:6
FNH:6
FNDA:1,(anonymous_1)
FNDA:146,(anonymous_2)
FNDA:134,GridOptions
FNDA:424,rowIdentity
FNDA:8,rowIdentity
FNDA:19,(anonymous_6)
DA:1,1
DA:3,1
DA:24,1
DA:26,134
DA:34,134
DA:47,134
DA:57,134
DA:71,134
DA:81,134
DA:82,424
DA:93,134
DA:94,8
DA:97,134
DA:98,134
DA:99,134
DA:101,134
DA:102,134
DA:105,134
DA:107,134
DA:110,134
DA:111,134
DA:114,134
DA:115,134
DA:118,134
DA:121,134
DA:124,134
DA:127,134
DA:130,134
DA:133,134
DA:144,134
DA:145,19
DA:149,134
DA:152,134
DA:155,146
LF:34
LH:34
BRF:0
BRH:0
end_of_record
TN:
SF:./src/js/core/factories/GridRenderContainer.js
FN:1,(anonymous_1)
FN:4,(anonymous_2)
FN:5,GridRenderContainer
FN:43,(anonymous_4)
FN:53,reset
FN:66,minRowsToRender
FN:71,minColumnsToRender
FN:99,getVisibleRowCount
FN:103,registerViewportAdjuster
FN:107,registerViewportAdjuster
FN:115,getViewportAdjustment
FN:120,(anonymous_12)
FN:127,getViewportHeight
FN:144,getViewportWidth
FN:160,getHeaderViewportWidth
FN:175,getCanvasHeight
FN:187,getCanvasWidth
FN:199,setRenderedRows
FN:206,setRenderedColumns
FN:218,updateColumnOffset
FN:229,adjustScrollVertical
FN:244,adjustScrollHorizontal
FN:262,adjustRows
FN:312,adjustColumns
FN:360,updateViewableRowRange
FN:373,updateViewableColumnRange
FN:384,(anonymous_27)
FN:409,(anonymous_28)
FN:426,(anonymous_29)
FN:460,(anonymous_30)
FN:535,(anonymous_31)
FN:591,(anonymous_32)
FN:608,(anonymous_33)
FN:615,(anonymous_34)
FN:633,(anonymous_35)
FNF:35
FNH:22
FNDA:1,(anonymous_1)
FNDA:146,(anonymous_2)
FNDA:155,GridRenderContainer
FNDA:79,(anonymous_4)
FNDA:0,reset
FNDA:36,minRowsToRender
FNDA:36,minColumnsToRender
FNDA:60,getVisibleRowCount
FNDA:0,registerViewportAdjuster
FNDA:0,registerViewportAdjuster
FNDA:288,getViewportAdjustment
FNDA:0,(anonymous_12)
FNDA:90,getViewportHeight
FNDA:198,getViewportWidth
FNDA:54,getHeaderViewportWidth
FNDA:60,getCanvasHeight
FNDA:60,getCanvasWidth
FNDA:36,setRenderedRows
FNDA:36,setRenderedColumns
FNDA:36,updateColumnOffset
FNDA:0,adjustScrollVertical
FNDA:0,adjustScrollHorizontal
FNDA:36,adjustRows
FNDA:36,adjustColumns
FNDA:36,updateViewableRowRange
FNDA:36,updateViewableColumnRange
FNDA:1232,(anonymous_27)
FNDA:308,(anonymous_28)
FNDA:0,(anonymous_29)
FNDA:0,(anonymous_30)
FNDA:0,(anonymous_31)
FNDA:0,(anonymous_32)
FNDA:0,(anonymous_33)
FNDA:0,(anonymous_34)
FNDA:0,(anonymous_35)
DA:1,1
DA:3,1
DA:5,1
DA:6,155
DA:8,155
DA:9,1
DA:12,154
DA:14,154
DA:19,154
DA:20,154
DA:22,154
DA:23,154
DA:25,154
DA:26,154
DA:27,154
DA:29,154
DA:30,154
DA:31,154
DA:33,154
DA:35,154
DA:37,154
DA:38,18
DA:41,154
DA:44,79
DA:53,146
DA:57,0
DA:58,0
DA:60,0
DA:61,0
DA:66,146
DA:67,36
DA:68,36
DA:71,146
DA:72,36
DA:73,36
DA:75,36
DA:76,36
DA:78,36
DA:79,86
DA:81,86
DA:82,22
DA:83,22
DA:86,64
DA:87,64
DA:88,108
DA:90,64
DA:91,0
DA:96,36
DA:99,146
DA:100,60
DA:103,146
DA:104,0
DA:107,146
DA:108,0
DA:110,0
DA:111,0
DA:115,146
DA:116,288
DA:118,288
DA:120,288
DA:121,0
DA:124,288
DA:127,146
DA:128,90
DA:130,90
DA:133,90
DA:134,12
DA:137,90
DA:139,90
DA:141,90
DA:144,146
DA:145,198
DA:147,198
DA:149,198
DA:150,24
DA:153,198
DA:155,198
DA:157,198
DA:160,146
DA:161,54
DA:163,54
DA:165,54
DA:166,6
DA:172,54
DA:175,146
DA:176,60
DA:178,60
DA:180,60
DA:181,12
DA:184,60
DA:187,146
DA:188,60
DA:190,60
DA:192,60
DA:193,12
DA:196,60
DA:199,146
DA:200,36
DA:201,36
DA:202,118
DA:206,146
DA:207,36
DA:210,36
DA:211,36
DA:212,86
DA:215,36
DA:218,146
DA:221,36
DA:222,36
DA:223,0
DA:226,36
DA:229,146
DA:230,0
DA:231,0
DA:234,0
DA:236,0
DA:238,0
DA:239,0
DA:241,0
DA:244,146
DA:245,0
DA:246,0
DA:250,0
DA:254,0
DA:256,0
DA:257,0
DA:259,0
DA:262,146
DA:263,36
DA:265,36
DA:267,36
DA:269,36
DA:270,36
DA:272,36
DA:275,36
DA:276,0
DA:279,36
DA:282,36
DA:283,0
DA:286,36
DA:287,36
DA:289,0
DA:290,0
DA:293,0
DA:294,0
DA:297,0
DA:298,0
DA:300,0
DA:303,36
DA:304,36
DA:307,36
DA:309,36
DA:312,146
DA:313,36
DA:315,36
DA:317,36
DA:318,36
DA:321,36
DA:322,0
DA:325,36
DA:328,36
DA:329,0
DA:332,36
DA:333,36
DA:335,0
DA:336,0
DA:339,0
DA:340,0
DA:343,0
DA:344,0
DA:346,0
DA:349,36
DA:351,36
DA:354,36
DA:356,36
DA:360,146
DA:363,36
DA:366,36
DA:369,36
DA:373,146
DA:376,36
DA:379,36
DA:381,36
DA:384,146
DA:385,1232
DA:387,1232
DA:389,1232
DA:391,0
DA:394,0
DA:397,1232
DA:398,0
DA:399,0
DA:402,0
DA:406,1232
DA:409,146
DA:410,308
DA:412,308
DA:413,0
DA:415,0
DA:416,0
DA:419,0
DA:423,308
DA:426,146
DA:427,0
DA:429,0
DA:436,0
DA:438,0
DA:439,0
DA:447,0
DA:449,0
DA:451,0
DA:453,0
DA:458,0
DA:460,0
DA:465,0
DA:467,0
DA:470,0
DA:471,0
DA:474,0
DA:475,0
DA:477,0
DA:479,0
DA:480,0
DA:482,0
DA:483,0
DA:485,0
DA:487,0
DA:494,0
DA:496,0
DA:498,0
DA:500,0
DA:501,0
DA:503,0
DA:505,0
DA:507,0
DA:508,0
DA:510,0
DA:512,0
DA:513,0
DA:518,0
DA:520,0
DA:521,0
DA:523,0
DA:525,0
DA:526,0
DA:531,0
DA:535,0
DA:536,0
DA:537,0
DA:539,0
DA:541,0
DA:547,0
DA:548,0
DA:551,0
DA:552,0
DA:554,0
DA:556,0
DA:557,0
DA:559,0
DA:560,0
DA:562,0
DA:563,0
DA:567,0
DA:570,0
DA:572,0
DA:573,0
DA:575,0
DA:576,0
DA:578,0
DA:579,0
DA:584,0
DA:589,0
DA:591,0
DA:592,0
DA:594,0
DA:596,0
DA:603,0
DA:605,0
DA:606,0
DA:608,0
DA:609,0
DA:610,0
DA:614,0
DA:615,0
DA:616,0
DA:617,0
DA:618,0
DA:619,0
DA:622,0
DA:623,0
DA:628,0
DA:629,0
DA:633,0
DA:634,0
DA:638,0
DA:639,0
DA:643,0
DA:649,0
DA:652,146
LF:299
LH:152
BRDA:8,1,0,1
BRDA:8,1,1,154
BRDA:37,2,0,18
BRDA:37,2,1,136
BRDA:37,3,0,154
BRDA:37,3,1,18
BRDA:81,4,0,22
BRDA:81,4,1,64
BRDA:90,5,0,0
BRDA:90,5,1,64
BRDA:110,6,0,0
BRDA:110,6,1,0
BRDA:110,7,0,0
BRDA:110,7,1,0
BRDA:133,8,0,12
BRDA:133,8,1,78
BRDA:133,9,0,90
BRDA:133,9,1,12
BRDA:133,9,2,12
BRDA:149,10,0,24
BRDA:149,10,1,174
BRDA:149,11,0,198
BRDA:149,11,1,24
BRDA:149,11,2,24
BRDA:165,12,0,6
BRDA:165,12,1,48
BRDA:165,13,0,54
BRDA:165,13,1,6
BRDA:165,13,2,6
BRDA:180,14,0,12
BRDA:180,14,1,48
BRDA:180,15,0,60
BRDA:180,15,1,12
BRDA:180,15,2,12
BRDA:192,16,0,12
BRDA:192,16,1,48
BRDA:192,17,0,60
BRDA:192,17,1,12
BRDA:192,17,2,12
BRDA:230,18,0,0
BRDA:230,18,1,0
BRDA:230,19,0,0
BRDA:230,19,1,0
BRDA:245,20,0,0
BRDA:245,20,1,0
BRDA:245,21,0,0
BRDA:245,21,1,0
BRDA:275,22,0,0
BRDA:275,22,1,36
BRDA:275,23,0,36
BRDA:275,23,1,36
BRDA:275,23,2,36
BRDA:282,24,0,0
BRDA:282,24,1,36
BRDA:287,25,0,0
BRDA:287,25,1,36
BRDA:289,26,0,0
BRDA:289,26,1,0
BRDA:289,27,0,0
BRDA:289,27,1,0
BRDA:289,27,2,0
BRDA:293,28,0,0
BRDA:293,28,1,0
BRDA:293,29,0,0
BRDA:293,29,1,0
BRDA:293,29,2,0
BRDA:321,30,0,0
BRDA:321,30,1,36
BRDA:321,31,0,36
BRDA:321,31,1,36
BRDA:321,31,2,36
BRDA:328,32,0,0
BRDA:328,32,1,36
BRDA:333,33,0,0
BRDA:333,33,1,36
BRDA:333,34,0,36
BRDA:333,34,1,0
BRDA:335,35,0,0
BRDA:335,35,1,0
BRDA:335,36,0,0
BRDA:335,36,1,0
BRDA:335,36,2,0
BRDA:339,37,0,0
BRDA:339,37,1,0
BRDA:339,38,0,0
BRDA:339,38,1,0
BRDA:339,38,2,0
BRDA:389,39,0,0
BRDA:389,39,1,1232
BRDA:389,40,0,1232
BRDA:389,40,1,308
BRDA:397,41,0,0
BRDA:397,41,1,1232
BRDA:398,42,0,0
BRDA:398,42,1,0
BRDA:412,43,0,0
BRDA:412,43,1,308
BRDA:412,44,0,308
BRDA:412,44,1,308
BRDA:415,45,0,0
BRDA:415,45,1,0
BRDA:438,46,0,0
BRDA:438,46,1,0
BRDA:438,47,0,0
BRDA:438,47,1,0
BRDA:438,47,2,0
BRDA:465,48,0,0
BRDA:465,48,1,0
BRDA:470,49,0,0
BRDA:470,49,1,0
BRDA:471,50,0,0
BRDA:471,50,1,0
BRDA:474,51,0,0
BRDA:474,51,1,0
BRDA:474,52,0,0
BRDA:474,52,1,0
BRDA:479,53,0,0
BRDA:479,53,1,0
BRDA:482,54,0,0
BRDA:482,54,1,0
BRDA:498,55,0,0
BRDA:498,55,1,0
BRDA:507,56,0,0
BRDA:507,56,1,0
BRDA:507,57,0,0
BRDA:507,57,1,0
BRDA:520,58,0,0
BRDA:520,58,1,0
BRDA:520,59,0,0
BRDA:520,59,1,0
BRDA:547,60,0,0
BRDA:547,60,1,0
BRDA:556,61,0,0
BRDA:556,61,1,0
BRDA:556,62,0,0
BRDA:556,62,1,0
BRDA:572,63,0,0
BRDA:572,63,1,0
BRDA:572,64,0,0
BRDA:572,64,1,0
BRDA:605,65,0,0
BRDA:605,65,1,0
BRDA:605,66,0,0
BRDA:605,66,1,0
BRDA:605,66,2,0
BRDA:609,67,0,0
BRDA:609,67,1,0
BRDA:609,68,0,0
BRDA:609,68,1,0
BRDA:614,69,0,0
BRDA:614,69,1,0
BRDA:616,70,0,0
BRDA:616,70,1,0
BRDA:628,71,0,0
BRDA:628,71,1,0
BRDA:638,72,0,0
BRDA:638,72,1,0
BRF:157
BRH:54
end_of_record
TN:
SF:./src/js/core/factories/GridRow.js
FN:1,(anonymous_1)
FN:4,(anonymous_2)
FN:14,GridRow
FN:59,(anonymous_4)
FN:72,(anonymous_5)
FNF:5
FNH:5
FNDA:1,(anonymous_1)
FNDA:146,(anonymous_2)
FNDA:276,GridRow
FNDA:10,(anonymous_4)
FNDA:181,(anonymous_5)
DA:1,1
DA:3,1
DA:14,1
DA:22,276
DA:30,276
DA:38,276
DA:47,276
DA:59,146
DA:60,10
DA:72,146
DA:73,181
DA:76,146
LF:12
LH:12
BRF:0
BRH:0
end_of_record
TN:
SF:./src/js/core/services/gridClassFactory.js
FN:1,(anonymous_1)
FN:11,(anonymous_2)
FN:22,(anonymous_3)
FN:34,(anonymous_4)
FN:38,(anonymous_5)
FN:47,allRowsVisible
FN:48,(anonymous_7)
FN:55,allColumnsVisible
FN:56,(anonymous_9)
FN:88,(anonymous_10)
FN:102,(anonymous_11)
FN:105,(anonymous_12)
FN:112,(anonymous_13)
FN:115,(anonymous_14)
FNF:14
FNH:11
FNDA:1,(anonymous_1)
FNDA:93,(anonymous_2)
FNDA:84,(anonymous_3)
FNDA:44,(anonymous_4)
FNDA:0,(anonymous_5)
FNDA:71,allRowsVisible
FNDA:206,(anonymous_7)
FNDA:70,allColumnsVisible
FNDA:96,(anonymous_9)
FNDA:218,(anonymous_10)
FNDA:125,(anonymous_11)
FNDA:0,(anonymous_12)
FNDA:125,(anonymous_13)
FNDA:0,(anonymous_14)
DA:1,1
DA:10,1
DA:13,93
DA:23,84
DA:24,84
DA:25,84
DA:28,84
DA:29,84
DA:30,84
DA:32,84
DA:35,44
DA:36,44
DA:40,0
DA:44,84
DA:47,84
DA:48,71
DA:49,206
DA:52,71
DA:55,84
DA:56,70
DA:57,96
DA:60,70
DA:63,84
DA:64,0
DA:68,84
DA:69,1
DA:72,83
DA:75,84
DA:90,218
DA:92,218
DA:93,183
DA:96,218
DA:97,183
DA:100,218
DA:103,125
DA:106,0
DA:110,218
DA:113,125
DA:116,0
DA:120,218
DA:127,93
LF:41
LH:37
BRDA:23,1,0,47
BRDA:23,1,1,37
BRDA:28,2,0,84
BRDA:28,2,1,0
BRDA:63,3,0,0
BRDA:63,3,1,84
BRDA:68,4,0,1
BRDA:68,4,1,83
BRDA:68,5,0,84
BRDA:68,5,1,1
BRDA:92,6,0,183
BRDA:92,6,1,35
BRDA:96,7,0,183
BRDA:96,7,1,35
BRDA:103,8,0,0
BRDA:103,8,1,125
BRF:16
BRH:13
end_of_record
TN:
SF:./src/js/core/services/rowSearcher.js
FN:1,(anonymous_1)
FN:5,escapeRegExp
FN:9,QuickCache
FN:10,(anonymous_4)
FN:27,(anonymous_5)
FN:40,(anonymous_6)
FN:81,getTerm
FN:102,stripTerm
FN:124,guessCondition
FN:155,(anonymous_10)
FN:164,runColumnFilter
FN:260,searchColumn
FN:316,search
FN:327,(anonymous_14)
FN:337,foreachFilterCol
FN:338,foreachRow
FNF:16
FNH:16
FNDA:1,(anonymous_1)
FNDA:20,escapeRegExp
FNDA:7,QuickCache
FNDA:36,(anonymous_4)
FNDA:7,(anonymous_5)
FNDA:146,(anonymous_6)
FNDA:33,getTerm
FNDA:20,stripTerm
FNDA:11,guessCondition
FNDA:9,(anonymous_10)
FNDA:16,runColumnFilter
FNDA:16,searchColumn
FNDA:7,search
FNDA:14,(anonymous_14)
FNDA:9,foreachFilterCol
FNDA:16,foreachRow
DA:1,1
DA:3,1
DA:5,1
DA:6,20
DA:9,1
DA:10,7
DA:12,36
DA:13,14
DA:16,22
DA:17,11
DA:18,11
DA:21,11
DA:25,7
DA:27,7
DA:28,7
DA:31,7
DA:40,1
DA:41,146
DA:43,146
DA:81,146
DA:82,33
DA:84,33
DA:87,33
DA:88,33
DA:91,33
DA:102,146
DA:103,20
DA:105,20
DA:106,20
DA:109,0
DA:124,146
DA:125,11
DA:126,0
DA:129,11
DA:149,11
DA:150,8
DA:151,8
DA:152,8
DA:155,9
DA:156,8
DA:160,3
DA:164,146
DA:166,16
DA:167,0
DA:171,16
DA:173,16
DA:174,0
DA:178,16
DA:180,16
DA:181,16
DA:182,16
DA:185,16
DA:188,16
DA:189,8
DA:190,4
DA:193,8
DA:194,2
DA:196,2
DA:197,1
DA:200,6
DA:201,0
DA:203,0
DA:204,0
DA:207,6
DA:208,6
DA:210,6
DA:211,3
DA:214,0
DA:215,0
DA:217,0
DA:218,0
DA:221,0
DA:222,0
DA:223,0
DA:226,0
DA:227,0
DA:228,0
DA:231,0
DA:232,0
DA:233,0
DA:236,0
DA:237,0
DA:238,0
DA:241,0
DA:242,0
DA:243,0
DA:247,8
DA:260,146
DA:261,16
DA:263,16
DA:264,6
DA:266,10
DA:268,10
DA:269,10
DA:271,10
DA:280,16
DA:281,16
DA:293,16
DA:294,16
DA:295,8
DA:299,8
DA:316,146
DA:318,7
DA:319,0
DA:323,7
DA:326,7
DA:327,7
DA:328,14
DA:329,3
DA:331,11
DA:332,6
DA:336,7
DA:337,7
DA:338,9
DA:339,16
DA:340,8
DA:370,7
DA:372,7
DA:375,146
LF:119
LH:92
BRDA:12,1,0,14
BRDA:12,1,1,22
BRDA:12,2,0,36
BRDA:12,2,1,36
BRDA:16,3,0,11
BRDA:16,3,1,11
BRDA:16,4,0,22
BRDA:16,4,1,22
BRDA:82,5,0,0
BRDA:82,5,1,33
BRDA:87,6,0,33
BRDA:87,6,1,0
BRDA:105,7,0,20
BRDA:105,7,1,0
BRDA:125,8,0,0
BRDA:125,8,1,11
BRDA:125,9,0,11
BRDA:125,9,1,11
BRDA:149,10,0,8
BRDA:149,10,1,3
BRDA:151,11,0,8
BRDA:151,11,1,0
BRDA:151,12,0,8
BRDA:151,12,1,0
BRDA:155,13,0,0
BRDA:155,13,1,9
BRDA:166,14,0,0
BRDA:166,14,1,16
BRDA:166,15,0,16
BRDA:166,15,1,16
BRDA:173,16,0,0
BRDA:173,16,1,16
BRDA:173,17,0,16
BRDA:173,17,1,16
BRDA:173,17,2,16
BRDA:181,18,0,16
BRDA:181,18,1,0
BRDA:181,19,0,16
BRDA:181,19,1,10
BRDA:188,20,0,8
BRDA:188,20,1,8
BRDA:189,21,0,4
BRDA:189,21,1,4
BRDA:193,22,0,2
BRDA:193,22,1,6
BRDA:194,23,0,0
BRDA:194,23,1,2
BRDA:196,24,0,1
BRDA:196,24,1,1
BRDA:200,25,0,0
BRDA:200,25,1,6
BRDA:201,26,0,0
BRDA:201,26,1,0
BRDA:203,27,0,0
BRDA:203,27,1,0
BRDA:207,28,0,6
BRDA:207,28,1,0
BRDA:208,29,0,3
BRDA:208,29,1,3
BRDA:210,30,0,3
BRDA:210,30,1,3
BRDA:214,31,0,0
BRDA:214,31,1,0
BRDA:215,32,0,0
BRDA:215,32,1,0
BRDA:217,33,0,0
BRDA:217,33,1,0
BRDA:221,34,0,0
BRDA:221,34,1,0
BRDA:222,35,0,0
BRDA:222,35,1,0
BRDA:226,36,0,0
BRDA:226,36,1,0
BRDA:227,37,0,0
BRDA:227,37,1,0
BRDA:231,38,0,0
BRDA:231,38,1,0
BRDA:232,39,0,0
BRDA:232,39,1,0
BRDA:236,40,0,0
BRDA:236,40,1,0
BRDA:237,41,0,0
BRDA:237,41,1,0
BRDA:241,42,0,0
BRDA:241,42,1,0
BRDA:242,43,0,0
BRDA:242,43,1,0
BRDA:263,44,0,6
BRDA:263,44,1,10
BRDA:263,45,0,16
BRDA:263,45,1,16
BRDA:263,45,2,16
BRDA:266,46,0,10
BRDA:266,46,1,0
BRDA:266,47,0,10
BRDA:266,47,1,10
BRDA:269,48,0,4
BRDA:269,48,1,6
BRDA:294,49,0,8
BRDA:294,49,1,8
BRDA:318,50,0,0
BRDA:318,50,1,7
BRDA:328,51,0,3
BRDA:328,51,1,11
BRDA:328,52,0,14
BRDA:328,52,1,14
BRDA:331,53,0,6
BRDA:331,53,1,5
BRDA:331,54,0,11
BRDA:331,54,1,11
BRDA:331,54,2,11
BRDA:331,54,3,6
BRDA:336,55,0,7
BRDA:336,55,1,0
BRDA:339,56,0,8
BRDA:339,56,1,8
BRF:116
BRH:70
end_of_record
TN:
SF:./src/js/core/services/rowSorter.js
FN:1,(anonymous_1)
FN:5,(anonymous_2)
FN:9,(anonymous_3)
FN:24,guessSortFn
FN:44,basicSort
FN:55,sortNumber
FN:59,sortNumberStr
FN:98,sortAlpha
FN:106,sortDate
FN:114,sortBool
FN:127,getSortFn
FN:159,(anonymous_12)
FN:189,rowSorterSort
FN:197,(anonymous_14)
FN:219,rowSortFn
FNF:15
FNH:9
FNDA:1,(anonymous_1)
FNDA:146,(anonymous_2)
FNDA:1606,(anonymous_3)
FNDA:7,guessSortFn
FNDA:0,basicSort
FNDA:0,sortNumber
FNDA:0,sortNumberStr
FNDA:2,sortAlpha
FNDA:0,sortDate
FNDA:0,sortBool
FNDA:4,getSortFn
FNDA:0,(anonymous_12)
FNDA:46,rowSorterSort
FNDA:96,(anonymous_14)
FNDA:4,rowSortFn
DA:1,1
DA:3,1
DA:5,1
DA:6,146
DA:9,1606
DA:14,146
DA:16,146
DA:24,146
DA:27,7
DA:29,1
DA:31,1
DA:33,3
DA:35,1
DA:37,1
DA:39,0
DA:44,146
DA:45,0
DA:46,0
DA:48,0
DA:49,0
DA:51,0
DA:55,146
DA:56,0
DA:59,146
DA:60,0
DA:66,0
DA:69,0
DA:70,0
DA:74,0
DA:77,0
DA:78,0
DA:82,0
DA:83,0
DA:86,0
DA:87,0
DA:90,0
DA:91,0
DA:94,0
DA:98,146
DA:99,2
DA:102,2
DA:106,146
DA:107,0
DA:110,0
DA:114,146
DA:115,0
DA:116,0
DA:119,0
DA:120,0
DA:123,0
DA:127,146
DA:128,4
DA:131,4
DA:132,0
DA:135,4
DA:136,2
DA:137,2
DA:142,2
DA:145,2
DA:146,2
DA:152,0
DA:156,4
DA:159,146
DA:161,0
DA:163,0
DA:164,0
DA:167,0
DA:168,0
DA:172,0
DA:176,0
DA:177,0
DA:180,0
DA:181,0
DA:185,0
DA:189,146
DA:191,46
DA:192,0
DA:196,46
DA:197,46
DA:198,96
DA:199,4
DA:204,46
DA:207,46
DA:208,42
DA:212,4
DA:216,4
DA:219,4
DA:220,4
DA:224,4
DA:226,4
DA:227,4
DA:229,4
DA:231,4
DA:232,4
DA:235,4
DA:237,0
DA:238,0
DA:240,0
DA:241,0
DA:243,0
DA:244,0
DA:248,4
DA:251,4
DA:255,4
DA:256,3
DA:258,1
DA:263,146
LF:107
LH:59
BRDA:27,1,0,1
BRDA:27,1,1,1
BRDA:27,1,2,3
BRDA:27,1,3,1
BRDA:27,1,4,1
BRDA:27,1,5,0
BRDA:45,2,0,0
BRDA:45,2,1,0
BRDA:48,3,0,0
BRDA:48,3,1,0
BRDA:69,4,0,0
BRDA:69,4,1,0
BRDA:77,5,0,0
BRDA:77,5,1,0
BRDA:82,6,0,0
BRDA:82,6,1,0
BRDA:82,7,0,0
BRDA:82,7,1,0
BRDA:86,8,0,0
BRDA:86,8,1,0
BRDA:90,9,0,0
BRDA:90,9,1,0
BRDA:102,10,0,0
BRDA:102,10,1,2
BRDA:102,11,0,0
BRDA:102,11,1,2
BRDA:110,12,0,0
BRDA:110,12,1,0
BRDA:110,13,0,0
BRDA:110,13,1,0
BRDA:115,14,0,0
BRDA:115,14,1,0
BRDA:115,15,0,0
BRDA:115,15,1,0
BRDA:119,16,0,0
BRDA:119,16,1,0
BRDA:119,17,0,0
BRDA:119,17,1,0
BRDA:123,18,0,0
BRDA:123,18,1,0
BRDA:131,19,0,0
BRDA:131,19,1,4
BRDA:135,20,0,2
BRDA:135,20,1,2
BRDA:145,21,0,2
BRDA:145,21,1,0
BRDA:161,22,0,0
BRDA:161,22,1,0
BRDA:161,23,0,0
BRDA:161,23,1,0
BRDA:163,24,0,0
BRDA:163,24,1,0
BRDA:167,25,0,0
BRDA:167,25,1,0
BRDA:176,26,0,0
BRDA:176,26,1,0
BRDA:180,27,0,0
BRDA:180,27,1,0
BRDA:191,28,0,0
BRDA:191,28,1,46
BRDA:198,29,0,4
BRDA:198,29,1,92
BRDA:198,30,0,96
BRDA:198,30,1,96
BRDA:198,30,2,4
BRDA:198,30,3,1
BRDA:207,31,0,42
BRDA:207,31,1,4
BRDA:224,32,0,8
BRDA:224,32,1,4
BRDA:235,33,0,0
BRDA:235,33,1,4
BRDA:235,34,0,4
BRDA:235,34,1,0
BRDA:235,34,2,4
BRDA:235,34,3,0
BRDA:237,35,0,0
BRDA:237,35,1,0
BRDA:237,36,0,0
BRDA:237,36,1,0
BRDA:240,37,0,0
BRDA:240,37,1,0
BRDA:243,38,0,0
BRDA:243,38,1,0
BRDA:255,39,0,3
BRDA:255,39,1,1
BRF:86
BRH:27
end_of_record
TN:
SF:./src/js/core/services/ui-grid-util.js
FN:1,(anonymous_1)
FN:5,getStyles
FN:15,augmentWidthOrHeight
FN:82,getWidthOrHeight
FN:137,(anonymous_5)
FN:169,(anonymous_6)
FN:179,(anonymous_7)
FN:183,(anonymous_8)
FN:222,(anonymous_9)
FN:230,(anonymous_10)
FN:256,(anonymous_11)
FN:258,(anonymous_12)
FN:281,(anonymous_13)
FN:307,(anonymous_14)
FN:313,(anonymous_15)
FN:333,(anonymous_16)
FN:361,(anonymous_17)
FN:375,(anonymous_18)
FN:380,(anonymous_19)
FN:405,(anonymous_20)
FN:425,(anonymous_21)
FN:459,(anonymous_22)
FN:530,(anonymous_23)
FN:540,(anonymous_24)
FN:547,(anonymous_25)
FN:557,(anonymous_26)
FN:561,(anonymous_27)
FN:569,(anonymous_28)
FN:578,(anonymous_29)
FN:588,nextUid
FN:612,hashKey
FN:645,(anonymous_32)
FN:647,(anonymous_33)
FN:656,(anonymous_34)
FN:666,(anonymous_35)
FN:672,closestElm
FN:680,(anonymous_37)
FN:701,(anonymous_38)
FN:706,getBorderSize
FN:732,detectBrowser
FN:758,normalizeScrollLeft
FN:809,denormalizeScrollLeft
FN:849,(anonymous_43)
FN:850,(anonymous_44)
FNF:44
FNH:33
FNDA:1,(anonymous_1)
FNDA:190,getStyles
FNDA:89,augmentWidthOrHeight
FNDA:89,getWidthOrHeight
FNDA:163,(anonymous_5)
FNDA:469,(anonymous_6)
FNDA:1,(anonymous_7)
FNDA:472,(anonymous_8)
FNDA:29,(anonymous_9)
FNDA:91,(anonymous_10)
FNDA:163,(anonymous_11)
FNDA:86,(anonymous_12)
FNDA:586,(anonymous_13)
FNDA:2,(anonymous_14)
FNDA:0,(anonymous_15)
FNDA:168,(anonymous_16)
FNDA:0,(anonymous_17)
FNDA:0,(anonymous_18)
FNDA:16,(anonymous_19)
FNDA:0,(anonymous_20)
FNDA:11,(anonymous_21)
FNDA:0,(anonymous_22)
FNDA:0,(anonymous_23)
FNDA:910,(anonymous_24)
FNDA:78,(anonymous_25)
FNDA:0,(anonymous_26)
FNDA:0,(anonymous_27)
FNDA:22,(anonymous_28)
FNDA:81,(anonymous_29)
FNDA:120,nextUid
FNDA:424,hashKey
FNDA:326,(anonymous_32)
FNDA:89,(anonymous_33)
FNDA:1,(anonymous_34)
FNDA:2,(anonymous_35)
FNDA:14,closestElm
FNDA:28,(anonymous_37)
FNDA:156,(anonymous_38)
FNDA:12,getBorderSize
FNDA:6,detectBrowser
FNDA:6,normalizeScrollLeft
FNDA:0,denormalizeScrollLeft
FNDA:0,(anonymous_43)
FNDA:0,(anonymous_44)
DA:1,1
DA:3,1
DA:5,1
DA:6,190
DA:9,1
DA:15,1
DA:16,89
DA:24,89
DA:26,89
DA:27,162
DA:31,162
DA:32,0
DA:33,0
DA:34,0
DA:39,162
DA:41,162
DA:42,144
DA:43,144
DA:44,144
DA:50,162
DA:51,162
DA:52,162
DA:53,162
DA:60,0
DA:61,0
DA:62,0
DA:67,0
DA:68,0
DA:69,0
DA:70,0
DA:79,89
DA:82,1
DA:84,89
DA:92,89
DA:94,6
DA:95,6
DA:96,0
DA:100,6
DA:101,0
DA:106,6
DA:110,6
DA:114,89
DA:125,89
DA:128,1
DA:129,1
DA:137,1
DA:138,163
DA:171,469
DA:173,468
DA:174,1
DA:177,468
DA:180,1
DA:184,472
DA:223,29
DA:225,29
DA:226,29
DA:228,29
DA:230,29
DA:231,91
DA:232,74
DA:238,29
DA:257,163
DA:258,163
DA:259,86
DA:283,586
DA:284,578
DA:288,8
DA:289,1
DA:293,7
DA:294,7
DA:295,5
DA:302,2
DA:305,2
DA:308,2
DA:310,2
DA:311,2
DA:314,0
DA:334,168
DA:337,168
DA:341,163
DA:343,5
DA:344,1
DA:346,4
DA:381,16
DA:382,16
DA:383,16
DA:384,16
DA:386,16
DA:388,16
DA:390,16
DA:393,16
DA:394,16
DA:395,16
DA:397,16
DA:400,16
DA:402,16
DA:406,0
DA:410,0
DA:411,0
DA:412,0
DA:415,0
DA:418,0
DA:419,0
DA:422,0
DA:426,11
DA:429,11
DA:430,3
DA:433,11
DA:435,11
DA:437,11
DA:439,11
DA:462,0
DA:464,0
DA:477,0
DA:478,0
DA:482,0
DA:483,0
DA:486,0
DA:489,0
DA:490,0
DA:491,0
DA:495,0
DA:496,0
DA:497,0
DA:499,0
DA:500,0
DA:501,0
DA:505,0
DA:506,0
DA:509,0
DA:510,0
DA:511,0
DA:512,0
DA:515,0
DA:516,0
DA:517,0
DA:518,0
DA:520,0
DA:531,0
DA:533,0
DA:534,0
DA:537,0
DA:541,910
DA:542,892
DA:544,18
DA:548,78
DA:549,0
DA:551,78
DA:558,0
DA:562,0
DA:563,0
DA:564,0
DA:565,0
DA:570,22
DA:571,22
DA:572,22
DA:573,22
DA:579,81
DA:580,81
DA:581,81
DA:582,81
DA:589,120
DA:590,120
DA:592,120
DA:593,123
DA:594,123
DA:595,123
DA:596,4
DA:597,4
DA:599,119
DA:600,3
DA:602,116
DA:603,116
DA:606,0
DA:608,0
DA:613,424
DA:616,424
DA:617,424
DA:619,0
DA:621,424
DA:622,304
DA:624,120
DA:625,120
DA:629,0
DA:632,424
DA:645,163
DA:646,326
DA:647,326
DA:648,89
DA:649,89
DA:650,83
DA:653,89
DA:654,89
DA:655,89
DA:657,1
DA:662,0
DA:666,326
DA:667,2
DA:672,163
DA:673,14
DA:674,14
DA:677,14
DA:680,14
DA:681,28
DA:682,14
DA:683,14
DA:685,14
DA:689,14
DA:690,14
DA:691,36
DA:692,36
DA:693,14
DA:695,22
DA:698,0
DA:701,163
DA:702,156
DA:703,156
DA:706,163
DA:707,12
DA:708,0
DA:711,12
DA:713,12
DA:714,12
DA:717,0
DA:720,12
DA:722,12
DA:723,12
DA:726,0
DA:732,163
DA:733,6
DA:735,6
DA:737,6
DA:738,12
DA:739,6
DA:743,0
DA:758,163
DA:759,6
DA:760,6
DA:763,6
DA:765,6
DA:767,6
DA:770,6
DA:771,0
DA:774,6
DA:775,0
DA:777,0
DA:780,0
DA:783,0
DA:787,6
DA:788,0
DA:792,6
DA:809,163
DA:810,0
DA:811,0
DA:814,0
DA:816,0
DA:819,0
DA:820,0
DA:823,0
DA:824,0
DA:826,0
DA:829,0
DA:832,0
DA:836,0
DA:837,0
DA:841,0
DA:845,163
DA:849,1
DA:850,0
DA:851,0
DA:852,0
DA:855,0
LF:272
LH:180
BRDA:16,1,0,8
BRDA:16,1,1,81
BRDA:16,2,0,83
BRDA:16,2,1,6
BRDA:20,3,0,48
BRDA:20,3,1,33
BRDA:31,4,0,0
BRDA:31,4,1,162
BRDA:33,5,0,0
BRDA:33,5,1,0
BRDA:39,6,0,162
BRDA:39,6,1,0
BRDA:41,7,0,144
BRDA:41,7,1,18
BRDA:43,8,0,144
BRDA:43,8,1,0
BRDA:50,9,0,162
BRDA:50,9,1,0
BRDA:52,10,0,162
BRDA:52,10,1,0
BRDA:61,11,0,0
BRDA:61,11,1,0
BRDA:67,12,0,0
BRDA:67,12,1,0
BRDA:69,13,0,0
BRDA:69,13,1,0
BRDA:85,14,0,52
BRDA:85,14,1,37
BRDA:92,15,0,6
BRDA:92,15,1,83
BRDA:92,16,0,89
BRDA:92,16,1,83
BRDA:95,17,0,0
BRDA:95,17,1,6
BRDA:95,18,0,6
BRDA:95,18,1,6
BRDA:100,19,0,0
BRDA:100,19,1,6
BRDA:106,20,0,6
BRDA:106,20,1,0
BRDA:106,20,2,0
BRDA:110,21,0,6
BRDA:110,21,1,6
BRDA:118,22,0,89
BRDA:118,22,1,78
BRDA:118,23,0,0
BRDA:118,23,1,78
BRDA:171,24,0,1
BRDA:171,24,1,468
BRDA:171,25,0,469
BRDA:171,25,1,469
BRDA:171,25,2,469
BRDA:173,26,0,1
BRDA:173,26,1,467
BRDA:225,27,0,0
BRDA:225,27,1,29
BRDA:225,28,0,29
BRDA:225,28,1,29
BRDA:225,28,2,29
BRDA:226,29,0,1
BRDA:226,29,1,28
BRDA:231,30,0,74
BRDA:231,30,1,17
BRDA:283,31,0,578
BRDA:283,31,1,8
BRDA:288,32,0,1
BRDA:288,32,1,7
BRDA:294,33,0,5
BRDA:294,33,1,0
BRDA:337,34,0,3
BRDA:337,34,1,4
BRDA:337,34,2,163
BRDA:337,34,3,5
BRDA:343,35,0,1
BRDA:343,35,1,4
BRDA:415,36,0,0
BRDA:415,36,1,0
BRDA:464,37,0,0
BRDA:464,37,1,0
BRDA:477,38,0,0
BRDA:477,38,1,0
BRDA:482,39,0,0
BRDA:482,39,1,0
BRDA:483,40,0,0
BRDA:483,40,1,0
BRDA:489,41,0,0
BRDA:489,41,1,0
BRDA:489,42,0,0
BRDA:489,42,1,0
BRDA:495,43,0,0
BRDA:495,43,1,0
BRDA:499,44,0,0
BRDA:499,44,1,0
BRDA:505,45,0,0
BRDA:505,45,1,0
BRDA:506,46,0,0
BRDA:506,46,1,0
BRDA:510,47,0,0
BRDA:510,47,1,0
BRDA:510,48,0,0
BRDA:510,48,1,0
BRDA:512,49,0,0
BRDA:512,49,1,0
BRDA:512,50,0,0
BRDA:512,50,1,0
BRDA:515,51,0,0
BRDA:515,51,1,0
BRDA:533,52,0,0
BRDA:533,52,1,0
BRDA:533,53,0,0
BRDA:533,53,1,0
BRDA:533,53,2,0
BRDA:541,54,0,892
BRDA:541,54,1,18
BRDA:541,55,0,910
BRDA:541,55,1,18
BRDA:548,56,0,0
BRDA:548,56,1,78
BRDA:548,57,0,78
BRDA:548,57,1,78
BRDA:548,57,2,78
BRDA:555,58,0,163
BRDA:555,58,1,0
BRDA:555,58,2,163
BRDA:555,58,3,0
BRDA:555,58,4,163
BRDA:562,59,0,0
BRDA:562,59,1,0
BRDA:563,60,0,0
BRDA:563,60,1,0
BRDA:564,61,0,0
BRDA:564,61,1,0
BRDA:564,62,0,0
BRDA:564,62,1,0
BRDA:595,63,0,4
BRDA:595,63,1,119
BRDA:599,64,0,3
BRDA:599,64,1,116
BRDA:616,65,0,424
BRDA:616,65,1,0
BRDA:616,66,0,424
BRDA:616,66,1,424
BRDA:617,67,0,0
BRDA:617,67,1,424
BRDA:621,68,0,304
BRDA:621,68,1,120
BRDA:621,69,0,424
BRDA:621,69,1,304
BRDA:624,70,0,120
BRDA:624,70,1,0
BRDA:649,71,0,83
BRDA:649,71,1,6
BRDA:649,72,0,89
BRDA:649,72,1,83
BRDA:653,73,0,89
BRDA:653,73,1,0
BRDA:655,74,0,1
BRDA:655,74,1,88
BRDA:655,75,0,89
BRDA:655,75,1,7
BRDA:667,76,0,2
BRDA:667,76,1,0
BRDA:667,77,0,0
BRDA:667,77,1,2
BRDA:673,78,0,14
BRDA:673,78,1,0
BRDA:673,79,0,14
BRDA:673,79,1,14
BRDA:681,80,0,14
BRDA:681,80,1,14
BRDA:692,81,0,14
BRDA:692,81,1,22
BRDA:692,82,0,36
BRDA:692,82,1,36
BRDA:707,83,0,0
BRDA:707,83,1,12
BRDA:707,84,0,12
BRDA:707,84,1,0
BRDA:713,85,0,12
BRDA:713,85,1,0
BRDA:722,86,0,12
BRDA:722,86,1,0
BRDA:738,87,0,6
BRDA:738,87,1,6
BRDA:759,88,0,6
BRDA:759,88,1,0
BRDA:759,89,0,6
BRDA:759,89,1,6
BRDA:770,90,0,0
BRDA:770,90,1,6
BRDA:774,91,0,0
BRDA:774,91,1,6
BRDA:775,92,0,0
BRDA:775,92,1,0
BRDA:787,93,0,0
BRDA:787,93,1,6
BRDA:810,94,0,0
BRDA:810,94,1,0
BRDA:810,95,0,0
BRDA:810,95,1,0
BRDA:819,96,0,0
BRDA:819,96,1,0
BRDA:823,97,0,0
BRDA:823,97,1,0
BRDA:824,98,0,0
BRDA:824,98,1,0
BRDA:836,99,0,0
BRDA:836,99,1,0
BRDA:851,100,0,0
BRDA:851,100,1,0
BRF:210
BRH:111
end_of_record
TN:
SF:./src/js/i18n/da.js
FN:1,(anonymous_1)
FN:2,(anonymous_2)
FN:3,(anonymous_3)
FNF:3
FNH:3
FNDA:1,(anonymous_1)
FNDA:180,(anonymous_2)
FNDA:48,(anonymous_3)
DA:1,1
DA:2,1
DA:3,180
DA:4,48
DA:26,48
LF:5
LH:5
BRF:0
BRH:0
end_of_record
TN:
SF:./src/js/i18n/de.js
FN:4,(anonymous_1)
FN:5,(anonymous_2)
FN:6,(anonymous_3)
FNF:3
FNH:3
FNDA:1,(anonymous_1)
FNDA:180,(anonymous_2)
FNDA:48,(anonymous_3)
DA:4,1
DA:5,1
DA:6,180
DA:7,48
DA:29,48
LF:5
LH:5
BRF:0
BRH:0
end_of_record
TN:
SF:./src/js/i18n/en.js
FN:4,(anonymous_1)
FN:5,(anonymous_2)
FN:6,(anonymous_3)
FNF:3
FNH:3
FNDA:1,(anonymous_1)
FNDA:180,(anonymous_2)
FNDA:48,(anonymous_3)
DA:4,1
DA:5,1
DA:6,180
DA:7,48
DA:34,48
LF:5
LH:5
BRF:0
BRH:0
end_of_record
TN:
SF:./src/js/i18n/es.js
FN:1,(anonymous_1)
FN:2,(anonymous_2)
FN:3,(anonymous_3)
FNF:3
FNH:3
FNDA:1,(anonymous_1)
FNDA:180,(anonymous_2)
FNDA:48,(anonymous_3)
DA:1,1
DA:2,1
DA:3,180
DA:4,48
DA:26,48
LF:5
LH:5
BRF:0
BRH:0
end_of_record
TN:
SF:./src/js/i18n/fa.js
FN:1,(anonymous_1)
FN:2,(anonymous_2)
FN:3,(anonymous_3)
FNF:3
FNH:3
FNDA:1,(anonymous_1)
FNDA:180,(anonymous_2)
FNDA:48,(anonymous_3)
DA:1,1
DA:2,1
DA:3,180
DA:4,48
DA:26,48
LF:5
LH:5
BRF:0
BRH:0
end_of_record
TN:
SF:./src/js/i18n/fr.js
FN:1,(anonymous_1)
FN:2,(anonymous_2)
FN:3,(anonymous_3)
FNF:3
FNH:3
FNDA:1,(anonymous_1)
FNDA:180,(anonymous_2)
FNDA:48,(anonymous_3)
DA:1,1
DA:2,1
DA:3,180
DA:4,48
DA:26,48
LF:5
LH:5
BRF:0
BRH:0
end_of_record
TN:
SF:./src/js/i18n/he.js
FN:4,(anonymous_1)
FN:5,(anonymous_2)
FN:6,(anonymous_3)
FNF:3
FNH:3
FNDA:1,(anonymous_1)
FNDA:180,(anonymous_2)
FNDA:48,(anonymous_3)
DA:4,1
DA:5,1
DA:6,180
DA:7,48
DA:34,48
LF:5
LH:5
BRF:0
BRH:0
end_of_record
TN:
SF:./src/js/i18n/nl.js
FN:1,(anonymous_1)
FN:2,(anonymous_2)
FN:3,(anonymous_3)
FNF:3
FNH:3
FNDA:1,(anonymous_1)
FNDA:180,(anonymous_2)
FNDA:48,(anonymous_3)
DA:1,1
DA:2,1
DA:3,180
DA:4,48
DA:31,48
LF:5
LH:5
BRF:0
BRH:0
end_of_record
TN:
SF:./src/js/i18n/pt-br.js
FN:1,(anonymous_1)
FN:2,(anonymous_2)
FN:3,(anonymous_3)
FNF:3
FNH:3
FNDA:1,(anonymous_1)
FNDA:180,(anonymous_2)
FNDA:48,(anonymous_3)
DA:1,1
DA:2,1
DA:3,180
DA:4,48
DA:26,48
LF:5
LH:5
BRF:0
BRH:0
end_of_record
TN:
SF:./src/js/i18n/ui-i18n.js
FN:19,(anonymous_1)
FN:51,(anonymous_2)
FN:56,(anonymous_3)
FN:59,(anonymous_4)
FN:66,(anonymous_5)
FN:78,(anonymous_6)
FN:81,(anonymous_7)
FN:110,(anonymous_8)
FN:112,(anonymous_9)
FN:129,(anonymous_10)
FN:141,(anonymous_11)
FN:159,(anonymous_12)
FN:195,(anonymous_13)
FN:208,(anonymous_14)
FN:223,(anonymous_15)
FN:225,(anonymous_16)
FN:227,(anonymous_17)
FN:232,(anonymous_18)
FN:236,(anonymous_19)
FN:249,(anonymous_20)
FN:252,(anonymous_21)
FN:254,(anonymous_22)
FN:262,(anonymous_23)
FN:269,(anonymous_24)
FN:286,(anonymous_25)
FN:291,(anonymous_26)
FN:292,(anonymous_27)
FN:299,(anonymous_28)
FNF:28
FNH:23
FNDA:1,(anonymous_1)
FNDA:48,(anonymous_2)
FNDA:226,(anonymous_3)
FNDA:538,(anonymous_4)
FNDA:1,(anonymous_5)
FNDA:41,(anonymous_6)
FNDA:228,(anonymous_7)
FNDA:538,(anonymous_8)
FNDA:0,(anonymous_9)
FNDA:1,(anonymous_10)
FNDA:161,(anonymous_11)
FNDA:65,(anonymous_12)
FNDA:2,(anonymous_13)
FNDA:228,(anonymous_14)
FNDA:20,(anonymous_15)
FNDA:26,(anonymous_16)
FNDA:26,(anonymous_17)
FNDA:0,(anonymous_18)
FNDA:0,(anonymous_19)
FNDA:18,(anonymous_20)
FNDA:24,(anonymous_21)
FNDA:24,(anonymous_22)
FNDA:0,(anonymous_23)
FNDA:0,(anonymous_24)
FNDA:2,(anonymous_25)
FNDA:2,(anonymous_26)
FNDA:4,(anonymous_27)
FNDA:2,(anonymous_28)
DA:19,1
DA:20,1
DA:21,1
DA:23,1
DA:32,1
DA:50,1
DA:53,48
DA:57,226
DA:60,538
DA:61,538
DA:62,529
DA:64,538
DA:67,1
DA:68,1
DA:69,0
DA:72,1
DA:73,11
DA:76,1
DA:79,41
DA:82,228
DA:86,48
DA:111,538
DA:112,0
DA:113,0
DA:114,0
DA:118,538
DA:130,1
DA:142,161
DA:143,161
DA:160,65
DA:161,65
DA:163,65
DA:164,0
DA:167,65
DA:168,65
DA:170,65
DA:171,130
DA:172,1
DA:174,129
DA:178,64
DA:196,2
DA:197,2
DA:198,2
DA:209,228
DA:210,228
DA:211,39
DA:212,39
DA:214,228
DA:219,48
DA:223,1
DA:224,20
DA:226,26
DA:228,26
DA:230,26
DA:231,26
DA:232,0
DA:233,0
DA:235,26
DA:236,0
DA:237,0
DA:246,1
DA:249,1
DA:250,18
DA:253,24
DA:255,24
DA:257,24
DA:258,24
DA:259,24
DA:260,24
DA:261,0
DA:262,0
DA:263,0
DA:264,0
DA:268,24
DA:269,24
DA:270,0
DA:271,0
DA:274,0
DA:277,24
DA:279,24
DA:286,1
DA:287,2
DA:291,1
DA:292,2
DA:293,4
DA:295,4
DA:299,1
DA:300,2
LF:88
LH:72
BRDA:61,1,0,529
BRDA:61,1,1,9
BRDA:68,2,0,0
BRDA:68,2,1,1
BRDA:111,3,0,0
BRDA:111,3,1,538
BRDA:113,4,0,0
BRDA:113,4,1,0
BRDA:142,5,0,0
BRDA:142,5,1,161
BRDA:160,6,0,0
BRDA:160,6,1,65
BRDA:163,7,0,0
BRDA:163,7,1,65
BRDA:171,8,0,1
BRDA:171,8,1,129
BRDA:171,9,0,130
BRDA:171,9,1,129
BRDA:196,10,0,2
BRDA:196,10,1,0
BRDA:210,11,0,39
BRDA:210,11,1,189
BRDA:231,12,0,0
BRDA:231,12,1,26
BRDA:235,13,0,0
BRDA:235,13,1,26
BRDA:237,14,0,0
BRDA:237,14,1,0
BRDA:257,15,0,24
BRDA:257,15,1,1
BRDA:257,15,2,0
BRDA:260,16,0,0
BRDA:260,16,1,24
BRDA:261,17,0,0
BRDA:261,17,1,0
BRDA:263,18,0,0
BRDA:263,18,1,0
BRDA:264,19,0,0
BRDA:264,19,1,0
BRDA:270,20,0,0
BRDA:270,20,1,0
BRDA:271,21,0,0
BRDA:271,21,1,0
BRDA:274,22,0,0
BRDA:274,22,1,0
BRDA:279,23,0,24
BRDA:279,23,1,0
BRDA:295,24,0,4
BRDA:295,24,1,0
BRF:49
BRH:21
end_of_record
TN:
SF:./src/js/i18n/zh-cn.js
FN:1,(anonymous_1)
FN:2,(anonymous_2)
FN:3,(anonymous_3)
FNF:3
FNH:3
FNDA:1,(anonymous_1)
FNDA:180,(anonymous_2)
FNDA:48,(anonymous_3)
DA:1,1
DA:2,1
DA:3,180
DA:4,48
DA:26,48
LF:5
LH:5
BRF:0
BRH:0
end_of_record
TN:
SF:./src/js/i18n/zh-tw.js
FN:1,(anonymous_1)
FN:2,(anonymous_2)
FN:3,(anonymous_3)
FNF:3
FNH:3
FNDA:1,(anonymous_1)
FNDA:180,(anonymous_2)
FNDA:48,(anonymous_3)
DA:1,1
DA:2,1
DA:3,180
DA:4,48
DA:26,48
LF:5
LH:5
BRF:0
BRH:0
end_of_record
TN:
SF:./src/features/cellnav/js/cellnav.js
FN:1,(anonymous_1)
FN:5,RowCol
FN:30,(anonymous_3)
FN:34,(anonymous_4)
FN:61,(anonymous_5)
FN:74,(anonymous_6)
FN:87,(anonymous_7)
FN:108,(anonymous_8)
FN:143,(anonymous_9)
FN:156,(anonymous_10)
FN:173,(anonymous_11)
FN:190,(anonymous_12)
FN:210,(anonymous_13)
FN:230,(anonymous_14)
FN:245,(anonymous_15)
FN:267,(anonymous_16)
FN:326,(anonymous_17)
FN:332,(anonymous_18)
FN:334,(anonymous_19)
FN:342,(anonymous_20)
FN:347,(anonymous_21)
FN:356,(anonymous_22)
FN:372,(anonymous_23)
FN:378,(anonymous_24)
FN:385,(anonymous_25)
FN:400,(anonymous_26)
FN:404,(anonymous_27)
FN:412,setTabEnabled
FN:416,setFocused
FNF:29
FNH:14
FNDA:1,(anonymous_1)
FNDA:14,RowCol
FNDA:24,(anonymous_3)
FNDA:24,(anonymous_4)
FNDA:0,(anonymous_5)
FNDA:0,(anonymous_6)
FNDA:3,(anonymous_7)
FNDA:8,(anonymous_8)
FNDA:14,(anonymous_9)
FNDA:4,(anonymous_10)
FNDA:4,(anonymous_11)
FNDA:4,(anonymous_12)
FNDA:6,(anonymous_13)
FNDA:3,(anonymous_14)
FNDA:3,(anonymous_15)
FNDA:141,(anonymous_16)
FNDA:0,(anonymous_17)
FNDA:0,(anonymous_18)
FNDA:0,(anonymous_19)
FNDA:0,(anonymous_20)
FNDA:0,(anonymous_21)
FNDA:0,(anonymous_22)
FNDA:0,(anonymous_23)
FNDA:0,(anonymous_24)
FNDA:0,(anonymous_25)
FNDA:0,(anonymous_26)
FNDA:0,(anonymous_27)
FNDA:0,setTabEnabled
FNDA:0,setFocused
DA:1,1
DA:3,1
DA:5,1
DA:6,14
DA:7,14
DA:16,1
DA:29,1
DA:32,24
DA:35,24
DA:38,24
DA:39,24
DA:47,24
DA:75,0
DA:76,0
DA:88,3
DA:94,24
DA:96,24
DA:109,8
DA:111,2
DA:113,6
DA:115,2
DA:118,4
DA:120,2
DA:123,2
DA:125,2
DA:128,0
DA:144,14
DA:146,4
DA:148,4
DA:150,3
DA:152,3
DA:157,4
DA:159,4
DA:160,2
DA:161,1
DA:165,1
DA:169,2
DA:174,4
DA:176,4
DA:177,2
DA:178,1
DA:182,1
DA:186,2
DA:192,4
DA:196,4
DA:197,5
DA:198,4
DA:200,1
DA:202,1
DA:203,0
DA:207,4
DA:212,6
DA:216,6
DA:217,7
DA:218,6
DA:220,1
DA:222,1
DA:223,0
DA:227,6
DA:233,3
DA:236,3
DA:237,1
DA:241,2
DA:248,3
DA:251,3
DA:252,1
DA:256,2
DA:268,141
DA:283,141
DA:285,141
DA:290,24
DA:325,1
DA:327,0
DA:333,0
DA:336,0
DA:337,0
DA:339,0
DA:342,0
DA:343,0
DA:344,0
DA:347,0
DA:348,0
DA:349,0
DA:350,0
DA:351,0
DA:371,1
DA:373,0
DA:379,0
DA:380,0
DA:383,0
DA:385,0
DA:386,0
DA:387,0
DA:388,0
DA:391,0
DA:394,0
DA:395,0
DA:397,0
DA:400,0
DA:401,0
DA:404,0
DA:405,0
DA:408,0
DA:412,1
DA:413,0
DA:416,1
DA:417,0
DA:418,0
DA:419,0
LF:109
LH:70
BRDA:76,1,0,0
BRDA:76,1,1,0
BRDA:109,2,0,2
BRDA:109,2,1,6
BRDA:109,3,0,8
BRDA:109,3,1,7
BRDA:109,3,2,2
BRDA:113,4,0,2
BRDA:113,4,1,4
BRDA:113,5,0,6
BRDA:113,5,1,5
BRDA:118,6,0,2
BRDA:118,6,1,2
BRDA:118,7,0,4
BRDA:118,7,1,3
BRDA:118,7,2,2
BRDA:123,8,0,2
BRDA:123,8,1,0
BRDA:123,9,0,2
BRDA:123,9,1,1
BRDA:144,10,0,4
BRDA:144,10,1,4
BRDA:144,10,2,3
BRDA:144,10,3,3
BRDA:159,11,0,2
BRDA:159,11,1,2
BRDA:160,12,0,1
BRDA:160,12,1,1
BRDA:176,13,0,2
BRDA:176,13,1,2
BRDA:177,14,0,1
BRDA:177,14,1,1
BRDA:192,15,0,2
BRDA:192,15,1,2
BRDA:197,16,0,4
BRDA:197,16,1,1
BRDA:202,17,0,0
BRDA:202,17,1,1
BRDA:212,18,0,2
BRDA:212,18,1,4
BRDA:217,19,0,6
BRDA:217,19,1,1
BRDA:222,20,0,0
BRDA:222,20,1,1
BRDA:233,21,0,2
BRDA:233,21,1,1
BRDA:236,22,0,1
BRDA:236,22,1,2
BRDA:248,23,0,2
BRDA:248,23,1,1
BRDA:251,24,0,1
BRDA:251,24,1,2
BRDA:283,25,0,24
BRDA:283,25,1,117
BRDA:348,26,0,0
BRDA:348,26,1,0
BRDA:348,27,0,0
BRDA:348,27,1,0
BRDA:348,27,2,0
BRDA:379,28,0,0
BRDA:379,28,1,0
BRDA:387,29,0,0
BRDA:387,29,1,0
BRDA:405,30,0,0
BRDA:405,30,1,0
BRDA:405,31,0,0
BRDA:405,31,1,0
BRF:67
BRH:49
end_of_record
TN:
SF:./src/features/edit/js/gridEdit.js
FN:1,(anonymous_1)
FN:46,(anonymous_2)
FN:50,(anonymous_3)
FN:78,(anonymous_4)
FN:92,(anonymous_5)
FN:151,(anonymous_6)
FN:205,(anonymous_7)
FN:208,(anonymous_8)
FN:237,(anonymous_9)
FN:294,(anonymous_10)
FN:300,(anonymous_11)
FN:302,(anonymous_12)
FN:305,(anonymous_13)
FN:352,(anonymous_14)
FN:357,(anonymous_15)
FN:370,registerBeginEditEvents
FN:378,cancelBeginEditEvents
FN:386,beginEditFocus
FN:391,beginEditKeyDown
FN:397,shouldEdit
FN:403,beginEdit
FN:416,(anonymous_22)
FN:428,(anonymous_23)
FN:435,(anonymous_24)
FN:442,(anonymous_25)
FN:450,endEdit
FN:466,cancelEdit
FN:499,(anonymous_28)
FN:502,(anonymous_29)
FN:504,(anonymous_30)
FN:507,(anonymous_31)
FN:510,(anonymous_32)
FN:513,(anonymous_33)
FN:518,(anonymous_34)
FN:522,(anonymous_35)
FNF:35
FNH:31
FNDA:1,(anonymous_1)
FNDA:15,(anonymous_2)
FNDA:9,(anonymous_3)
FNDA:0,(anonymous_4)
FNDA:18,(anonymous_5)
FNDA:23,(anonymous_6)
FNDA:16,(anonymous_7)
FNDA:0,(anonymous_8)
FNDA:4,(anonymous_9)
FNDA:2,(anonymous_10)
FNDA:3,(anonymous_11)
FNDA:3,(anonymous_12)
FNDA:3,(anonymous_13)
FNDA:12,(anonymous_14)
FNDA:6,(anonymous_15)
FNDA:10,registerBeginEditEvents
FNDA:5,cancelBeginEditEvents
FNDA:0,beginEditFocus
FNDA:4,beginEditKeyDown
FNDA:5,shouldEdit
FNDA:5,beginEdit
FNDA:5,(anonymous_22)
FNDA:1,(anonymous_23)
FNDA:2,(anonymous_24)
FNDA:1,(anonymous_25)
FNDA:4,endEdit
FNDA:1,cancelEdit
FNDA:5,(anonymous_28)
FNDA:5,(anonymous_29)
FNDA:5,(anonymous_30)
FNDA:5,(anonymous_31)
FNDA:5,(anonymous_32)
FNDA:0,(anonymous_33)
FNDA:2,(anonymous_34)
FNDA:3,(anonymous_35)
DA:1,1
DA:20,1
DA:28,1
DA:45,1
DA:48,15
DA:52,9
DA:54,9
DA:62,9
DA:87,9
DA:108,18
DA:122,18
DA:140,18
DA:153,23
DA:168,23
DA:182,23
DA:191,23
DA:192,16
DA:194,16
DA:195,12
DA:196,1
DA:199,11
DA:203,16
DA:206,16
DA:210,0
DA:223,23
DA:225,23
DA:238,4
DA:249,3
DA:252,1
DA:258,15
DA:294,1
DA:295,2
DA:301,3
DA:303,3
DA:350,1
DA:353,12
DA:358,6
DA:359,0
DA:362,6
DA:363,6
DA:364,6
DA:365,6
DA:366,6
DA:368,6
DA:370,1
DA:371,10
DA:372,10
DA:373,10
DA:374,0
DA:378,1
DA:379,5
DA:380,5
DA:381,5
DA:382,0
DA:386,1
DA:387,0
DA:388,0
DA:391,1
DA:392,4
DA:393,1
DA:397,1
DA:398,5
DA:403,1
DA:404,5
DA:405,0
DA:408,5
DA:410,5
DA:412,5
DA:413,5
DA:415,5
DA:416,5
DA:417,5
DA:418,5
DA:419,5
DA:420,5
DA:421,5
DA:422,5
DA:423,5
DA:428,5
DA:429,1
DA:430,1
DA:431,1
DA:435,5
DA:436,2
DA:437,2
DA:438,2
DA:442,5
DA:443,1
DA:444,1
DA:447,5
DA:450,1
DA:451,4
DA:452,0
DA:454,4
DA:456,4
DA:457,4
DA:458,4
DA:459,0
DA:461,4
DA:462,4
DA:463,4
DA:466,1
DA:467,1
DA:468,0
DA:470,1
DA:471,1
DA:473,1
DA:497,1
DA:500,5
DA:503,5
DA:510,5
DA:511,5
DA:512,5
DA:513,5
DA:514,0
DA:518,5
DA:519,2
DA:522,5
DA:523,3
DA:525,1
DA:526,1
DA:527,1
DA:529,2
DA:530,2
DA:533,3
LF:125
LH:114
BRDA:122,1,0,14
BRDA:122,1,1,4
BRDA:140,2,0,14
BRDA:140,2,1,4
BRDA:168,3,0,2
BRDA:168,3,1,21
BRDA:182,4,0,20
BRDA:182,4,1,3
BRDA:191,5,0,16
BRDA:191,5,1,7
BRDA:192,6,0,16
BRDA:192,6,1,14
BRDA:194,7,0,12
BRDA:194,7,1,4
BRDA:195,8,0,1
BRDA:195,8,1,11
BRDA:195,9,0,12
BRDA:195,9,1,1
BRDA:223,10,0,20
BRDA:223,10,1,3
BRDA:238,11,0,3
BRDA:238,11,1,1
BRDA:238,12,0,4
BRDA:238,12,1,4
BRDA:238,12,2,1
BRDA:238,12,3,4
BRDA:238,12,4,4
BRDA:238,12,5,3
BRDA:238,12,6,3
BRDA:238,12,7,2
BRDA:238,12,8,3
BRDA:238,12,9,3
BRDA:358,13,0,0
BRDA:358,13,1,6
BRDA:373,14,0,0
BRDA:373,14,1,10
BRDA:381,15,0,0
BRDA:381,15,1,5
BRDA:392,16,0,1
BRDA:392,16,1,3
BRDA:398,17,0,0
BRDA:398,17,1,5
BRDA:404,18,0,0
BRDA:404,18,1,5
BRDA:451,19,0,0
BRDA:451,19,1,4
BRDA:458,20,0,0
BRDA:458,20,1,4
BRDA:458,21,0,4
BRDA:458,21,1,2
BRDA:467,22,0,0
BRDA:467,22,1,1
BRDA:523,23,0,1
BRDA:523,23,1,2
BRF:54
BRH:46
end_of_record
TN:
SF:./src/features/pinning/js/pinning.js
FN:1,(anonymous_1)
FN:19,(anonymous_2)
FN:20,(anonymous_3)
FN:34,(anonymous_4)
FN:37,(anonymous_5)
FN:48,(anonymous_6)
FN:67,(anonymous_7)
FN:92,(anonymous_8)
FN:95,(anonymous_9)
FN:101,(anonymous_10)
FN:110,(anonymous_11)
FN:113,(anonymous_12)
FN:119,(anonymous_13)
FN:128,(anonymous_14)
FN:131,(anonymous_15)
FN:137,(anonymous_16)
FN:153,(anonymous_17)
FN:157,(anonymous_18)
FN:159,(anonymous_19)
FN:162,(anonymous_20)
FN:181,(anonymous_21)
FN:190,compile
FN:192,(anonymous_23)
FN:201,updateContainerDimensions
FN:230,(anonymous_25)
FNF:25
FNH:7
FNDA:1,(anonymous_1)
FNDA:9,(anonymous_2)
FNDA:9,(anonymous_3)
FNDA:9,(anonymous_4)
FNDA:9,(anonymous_5)
FNDA:11,(anonymous_6)
FNDA:4,(anonymous_7)
FNDA:0,(anonymous_8)
FNDA:0,(anonymous_9)
FNDA:0,(anonymous_10)
FNDA:0,(anonymous_11)
FNDA:0,(anonymous_12)
FNDA:0,(anonymous_13)
FNDA:0,(anonymous_14)
FNDA:0,(anonymous_15)
FNDA:0,(anonymous_16)
FNDA:0,(anonymous_17)
FNDA:0,(anonymous_18)
FNDA:0,(anonymous_19)
FNDA:0,(anonymous_20)
FNDA:0,(anonymous_21)
FNDA:0,compile
FNDA:0,(anonymous_23)
FNDA:0,updateContainerDimensions
FNDA:0,(anonymous_25)
DA:1,1
DA:17,1
DA:19,1
DA:20,9
DA:21,9
DA:30,9
DA:34,1
DA:35,9
DA:38,9
DA:41,9
DA:43,9
DA:44,9
DA:63,11
DA:83,4
DA:85,4
DA:86,1
DA:89,3
DA:93,0
DA:96,0
DA:100,0
DA:102,0
DA:107,3
DA:111,0
DA:114,0
DA:118,0
DA:120,0
DA:125,3
DA:129,0
DA:132,0
DA:136,0
DA:138,0
DA:143,3
DA:144,3
DA:145,3
DA:149,9
DA:152,1
DA:154,0
DA:158,0
DA:160,0
DA:164,0
DA:165,0
DA:166,0
DA:168,0
DA:169,0
DA:170,0
DA:172,0
DA:174,0
DA:181,1
DA:182,0
DA:191,0
DA:193,0
DA:195,0
DA:197,0
DA:201,1
DA:204,0
DA:207,0
DA:208,0
DA:209,0
DA:210,0
DA:211,0
DA:212,0
DA:215,0
DA:220,0
DA:222,0
DA:224,0
DA:227,0
DA:230,0
DA:232,0
DA:234,0
DA:238,0
LF:70
LH:26
BRDA:83,1,0,2
BRDA:83,1,1,2
BRDA:85,2,0,1
BRDA:85,2,1,3
BRDA:93,3,0,0
BRDA:93,3,1,0
BRDA:93,3,2,0
BRDA:111,4,0,0
BRDA:111,4,1,0
BRDA:111,4,2,0
BRDA:129,5,0,0
BRDA:129,5,1,0
BRDA:129,5,2,0
BRDA:207,6,0,0
BRDA:207,6,1,0
BRDA:207,7,0,0
BRDA:207,7,1,0
BRF:17
BRH:4
end_of_record
TN:
SF:./src/features/resize-columns/js/ui-grid-column-resizer.js
FN:1,(anonymous_1)
FN:12,(anonymous_2)
FN:15,(anonymous_3)
FN:39,(anonymous_4)
FN:109,(anonymous_5)
FN:115,(anonymous_6)
FN:117,(anonymous_7)
FN:123,(anonymous_8)
FN:131,(anonymous_9)
FN:137,(anonymous_10)
FN:139,(anonymous_11)
FN:143,(anonymous_12)
FN:149,(anonymous_13)
FN:226,(anonymous_14)
FN:237,(anonymous_15)
FN:250,resizeAroundColumn
FN:254,(anonymous_17)
FN:267,buildColumnsAndRefresh
FN:270,(anonymous_19)
FN:273,(anonymous_20)
FN:299,mousemove
FN:351,mouseup
FN:412,(anonymous_23)
FN:434,(anonymous_24)
FN:460,(anonymous_25)
FN:470,(anonymous_26)
FN:509,(anonymous_27)
FNF:27
FNH:22
FNDA:1,(anonymous_1)
FNDA:7,(anonymous_2)
FNDA:3,(anonymous_3)
FNDA:4,(anonymous_4)
FNDA:0,(anonymous_5)
FNDA:0,(anonymous_6)
FNDA:0,(anonymous_7)
FNDA:0,(anonymous_8)
FNDA:11,(anonymous_9)
FNDA:16,(anonymous_10)
FNDA:48,(anonymous_11)
FNDA:45,(anonymous_12)
FNDA:45,(anonymous_13)
FNDA:11,(anonymous_14)
FNDA:90,(anonymous_15)
FNDA:6,resizeAroundColumn
FNDA:18,(anonymous_17)
FNDA:6,buildColumnsAndRefresh
FNDA:6,(anonymous_19)
FNDA:0,(anonymous_20)
FNDA:4,mousemove
FNDA:4,mouseup
FNDA:7,(anonymous_23)
FNDA:2,(anonymous_24)
FNDA:10,(anonymous_25)
FNDA:10,(anonymous_26)
FNDA:30,(anonymous_27)
DA:1,1
DA:4,1
DA:6,1
DA:11,1
DA:14,7
DA:30,3
DA:34,3
DA:35,1
DA:41,4
DA:56,4
DA:60,4
DA:61,0
DA:64,4
DA:68,7
DA:109,1
DA:110,0
DA:116,0
DA:119,0
DA:120,0
DA:131,1
DA:132,11
DA:138,16
DA:140,48
DA:141,45
DA:143,45
DA:144,45
DA:146,45
DA:149,45
DA:150,45
DA:152,45
DA:153,45
DA:155,45
DA:156,45
DA:158,45
DA:161,45
DA:164,45
DA:165,0
DA:170,45
DA:171,45
DA:174,45
DA:175,45
DA:226,1
DA:227,11
DA:229,11
DA:238,90
DA:242,90
DA:243,45
DA:245,45
DA:246,45
DA:250,1
DA:252,6
DA:254,6
DA:256,18
DA:258,12
DA:259,12
DA:260,12
DA:267,1
DA:269,6
DA:272,6
DA:275,0
DA:277,0
DA:279,0
DA:282,0
DA:283,0
DA:285,0
DA:288,0
DA:289,0
DA:293,0
DA:299,1
DA:300,4
DA:301,4
DA:303,4
DA:305,4
DA:306,4
DA:309,4
DA:310,4
DA:311,4
DA:313,0
DA:314,0
DA:316,4
DA:317,4
DA:321,4
DA:322,0
DA:325,4
DA:326,4
DA:330,4
DA:333,4
DA:336,4
DA:337,0
DA:339,4
DA:340,0
DA:342,4
DA:343,0
DA:346,4
DA:348,4
DA:351,1
DA:352,4
DA:353,4
DA:355,4
DA:357,4
DA:360,4
DA:361,4
DA:363,4
DA:364,0
DA:365,0
DA:366,0
DA:370,4
DA:371,4
DA:372,4
DA:374,0
DA:375,0
DA:377,4
DA:378,4
DA:382,4
DA:383,0
DA:387,4
DA:390,4
DA:391,1
DA:393,3
DA:394,0
DA:397,4
DA:398,1
DA:401,4
DA:404,4
DA:406,4
DA:408,4
DA:409,4
DA:412,90
DA:413,7
DA:414,7
DA:417,7
DA:420,7
DA:423,7
DA:426,7
DA:429,7
DA:430,7
DA:434,90
DA:435,2
DA:437,2
DA:438,2
DA:441,2
DA:442,0
DA:443,0
DA:444,0
DA:446,2
DA:447,2
DA:448,2
DA:452,2
DA:453,2
DA:456,2
DA:459,2
DA:460,2
DA:465,10
DA:466,10
DA:467,2
DA:470,10
DA:472,10
DA:473,10
DA:475,10
DA:477,10
DA:478,2
DA:479,2
DA:482,10
DA:483,2
DA:484,2
DA:490,2
DA:491,0
DA:493,2
DA:494,0
DA:497,2
DA:498,1
DA:501,2
DA:504,2
DA:506,2
DA:509,90
DA:510,30
DA:511,30
DA:512,30
DA:513,30
DA:518,11
LF:180
LH:147
BRDA:34,1,0,1
BRDA:34,1,1,2
BRDA:56,2,0,2
BRDA:56,2,1,2
BRDA:60,3,0,0
BRDA:60,3,1,4
BRDA:140,4,0,45
BRDA:140,4,1,3
BRDA:164,5,0,0
BRDA:164,5,1,45
BRDA:164,6,0,45
BRDA:164,6,1,0
BRDA:164,6,2,0
BRDA:170,7,0,45
BRDA:170,7,1,0
BRDA:242,8,0,45
BRDA:242,8,1,45
BRDA:245,9,0,45
BRDA:245,9,1,0
BRDA:256,10,0,6
BRDA:256,10,1,12
BRDA:259,11,0,12
BRDA:259,11,1,0
BRDA:259,12,0,12
BRDA:259,12,1,0
BRDA:259,12,2,0
BRDA:259,12,3,0
BRDA:275,13,0,0
BRDA:275,13,1,0
BRDA:277,14,0,0
BRDA:277,14,1,0
BRDA:282,15,0,0
BRDA:282,15,1,0
BRDA:282,16,0,0
BRDA:282,16,1,0
BRDA:282,16,2,0
BRDA:288,17,0,0
BRDA:288,17,1,0
BRDA:289,18,0,0
BRDA:289,18,1,0
BRDA:300,19,0,4
BRDA:300,19,1,0
BRDA:305,20,0,0
BRDA:305,20,1,4
BRDA:306,21,0,0
BRDA:306,21,1,4
BRDA:311,22,0,0
BRDA:311,22,1,4
BRDA:316,23,0,4
BRDA:316,23,1,0
BRDA:321,24,0,0
BRDA:321,24,1,4
BRDA:325,25,0,4
BRDA:325,25,1,0
BRDA:336,26,0,0
BRDA:336,26,1,4
BRDA:336,27,0,4
BRDA:336,27,1,0
BRDA:339,28,0,0
BRDA:339,28,1,4
BRDA:339,29,0,4
BRDA:339,29,1,4
BRDA:339,29,2,4
BRDA:342,30,0,0
BRDA:342,30,1,4
BRDA:342,31,0,4
BRDA:342,31,1,0
BRDA:352,32,0,4
BRDA:352,32,1,0
BRDA:363,33,0,0
BRDA:363,33,1,4
BRDA:372,34,0,0
BRDA:372,34,1,4
BRDA:377,35,0,4
BRDA:377,35,1,0
BRDA:382,36,0,0
BRDA:382,36,1,4
BRDA:390,37,0,1
BRDA:390,37,1,3
BRDA:390,38,0,4
BRDA:390,38,1,1
BRDA:393,39,0,0
BRDA:393,39,1,3
BRDA:393,40,0,3
BRDA:393,40,1,3
BRDA:393,40,2,3
BRDA:397,41,0,1
BRDA:397,41,1,3
BRDA:397,42,0,4
BRDA:397,42,1,1
BRDA:413,43,0,6
BRDA:413,43,1,1
BRDA:441,44,0,0
BRDA:441,44,1,2
BRDA:446,45,0,2
BRDA:446,45,1,0
BRDA:466,46,0,2
BRDA:466,46,1,8
BRDA:477,47,0,2
BRDA:477,47,1,8
BRDA:482,48,0,2
BRDA:482,48,1,8
BRDA:490,49,0,0
BRDA:490,49,1,2
BRDA:490,50,0,2
BRDA:490,50,1,1
BRDA:493,51,0,0
BRDA:493,51,1,2
BRDA:493,52,0,2
BRDA:493,52,1,1
BRDA:493,52,2,1
BRDA:497,53,0,1
BRDA:497,53,1,1
BRDA:497,54,0,2
BRDA:497,54,1,1
BRF:115
BRH:70
end_of_record
TN:
SF:./src/features/selection/js/selection.js
FN:1,(anonymous_1)
FN:36,(anonymous_2)
FN:40,(anonymous_3)
FN:52,(anonymous_4)
FN:65,(anonymous_5)
FN:78,(anonymous_6)
FN:91,(anonymous_7)
FN:103,(anonymous_8)
FN:108,(anonymous_9)
FN:118,(anonymous_10)
FN:127,(anonymous_11)
FN:128,(anonymous_12)
FN:139,(anonymous_13)
FN:152,(anonymous_14)
FN:186,(anonymous_15)
FN:202,(anonymous_16)
FN:203,(anonymous_17)
FN:215,(anonymous_18)
FN:216,(anonymous_19)
FN:262,(anonymous_20)
FN:268,(anonymous_21)
FN:270,(anonymous_22)
FN:273,(anonymous_23)
FN:290,(anonymous_24)
FN:294,(anonymous_25)
FN:299,(anonymous_26)
FN:302,(anonymous_27)
FN:319,(anonymous_28)
FN:324,(anonymous_29)
FN:329,registerRowSelectionEvents
FN:330,(anonymous_31)
FNF:31
FNH:11
FNDA:1,(anonymous_1)
FNDA:4,(anonymous_2)
FNDA:4,(anonymous_3)
FNDA:0,(anonymous_4)
FNDA:1,(anonymous_5)
FNDA:0,(anonymous_6)
FNDA:0,(anonymous_7)
FNDA:0,(anonymous_8)
FNDA:0,(anonymous_9)
FNDA:1,(anonymous_10)
FNDA:0,(anonymous_11)
FNDA:0,(anonymous_12)
FNDA:0,(anonymous_13)
FNDA:4,(anonymous_14)
FNDA:6,(anonymous_15)
FNDA:9,(anonymous_16)
FNDA:18,(anonymous_17)
FNDA:5,(anonymous_18)
FNDA:3,(anonymous_19)
FNDA:0,(anonymous_20)
FNDA:0,(anonymous_21)
FNDA:0,(anonymous_22)
FNDA:0,(anonymous_23)
FNDA:0,(anonymous_24)
FNDA:0,(anonymous_25)
FNDA:0,(anonymous_26)
FNDA:0,(anonymous_27)
FNDA:0,(anonymous_28)
FNDA:0,(anonymous_29)
FNDA:0,registerRowSelectionEvents
FNDA:0,(anonymous_31)
DA:1,1
DA:17,1
DA:25,1
DA:35,1
DA:38,4
DA:41,4
DA:49,4
DA:66,1
DA:67,1
DA:68,1
DA:79,0
DA:80,0
DA:81,0
DA:92,0
DA:93,0
DA:94,0
DA:104,0
DA:105,0
DA:108,0
DA:109,0
DA:119,1
DA:128,0
DA:129,0
DA:140,0
DA:146,4
DA:148,4
DA:167,4
DA:174,4
DA:187,6
DA:188,6
DA:189,3
DA:191,6
DA:192,6
DA:203,9
DA:204,18
DA:216,5
DA:217,3
DA:218,3
DA:225,4
DA:261,1
DA:263,0
DA:269,0
DA:271,0
DA:288,1
DA:291,0
DA:295,0
DA:296,0
DA:297,0
DA:298,0
DA:317,1
DA:320,0
DA:325,0
DA:326,0
DA:329,1
DA:330,0
DA:331,0
DA:332,0
LF:57
LH:30
BRDA:67,1,0,1
BRDA:67,1,1,0
BRDA:80,2,0,0
BRDA:80,2,1,0
BRDA:80,3,0,0
BRDA:80,3,1,0
BRDA:93,4,0,0
BRDA:93,4,1,0
BRDA:93,5,0,0
BRDA:93,5,1,0
BRDA:104,6,0,0
BRDA:104,6,1,0
BRDA:188,7,0,3
BRDA:188,7,1,3
BRDA:188,8,0,6
BRDA:188,8,1,3
BRDA:325,9,0,0
BRDA:325,9,1,0
BRF:18
BRH:5
end_of_record
